<?xml version="1.0" encoding="UTF-8"?>
<testsuite name="hstest.MinesweeperTest" tests="1" skipped="0" failures="0" errors="0" timestamp="2024-09-08T00:32:30" hostname="Jarvis-M3-Pro.local" time="0.23">
  <properties/>
  <testcase name="start" classname="hstest.MinesweeperTest" time="0.23"/>
  <system-out><![CDATA[?[1;31m
Start test 1?[0m
How many mines do you want on the field?
> 1
.........
...X.....
.........
.........
.........
.........
.........
.........
.........
?[1;31m
Start test 2?[0m
How many mines do you want on the field?
> 1
.........
.........
.........
.........
.........
.........
.X.......
.........
.........
?[1;31m
Start test 3?[0m
How many mines do you want on the field?
> 2
.........
.........
.........
.........
...X.....
.........
......X..
.........
.........
?[1;31m
Start test 4?[0m
How many mines do you want on the field?
> 2
.........
.........
..X......
.........
.........
..X......
.........
.........
.........
?[1;31m
Start test 5?[0m
How many mines do you want on the field?
> 3
X........
.........
.........
.......X.
.........
.....X...
.........
.........
.........
?[1;31m
Start test 6?[0m
How many mines do you want on the field?
> 3
.........
.........
.........
....X....
..X......
.X.......
.........
.........
.........
?[1;31m
Start test 7?[0m
How many mines do you want on the field?
> 4
.........
.......X.
.........
.........
......X..
.........
.....X...
....X....
.........
?[1;31m
Start test 8?[0m
How many mines do you want on the field?
> 4
X........
......X..
.........
.........
..X......
.........
..X......
.........
.........
?[1;31m
Start test 9?[0m
How many mines do you want on the field?
> 5
.........
.......X.
.........
....X....
.........
.......X.
.....X...
.X.......
.........
?[1;31m
Start test 10?[0m
How many mines do you want on the field?
> 5
.........
.........
.........
...X..X..
.........
....X....
..X....X.
.........
.........
?[1;31m
Start test 11?[0m
How many mines do you want on the field?
> 6
.........
....XXX..
.........
...X.....
.........
...XX....
.........
.........
.........
?[1;31m
Start test 12?[0m
How many mines do you want on the field?
> 6
..X......
X....XX..
..X......
.........
.........
.........
..X......
.........
.........
?[1;31m
Start test 13?[0m
How many mines do you want on the field?
> 7
.........
....X....
.......X.
...X.....
.........
.........
....XXX..
.X.......
.........
?[1;31m
Start test 14?[0m
How many mines do you want on the field?
> 7
...XX....
.....X...
...X.....
....X....
....X....
.......X.
.........
.........
.........
?[1;31m
Start test 15?[0m
How many mines do you want on the field?
> 8
..X......
..X.X.XX.
.........
.........
....X....
......X..
.......X.
.........
.........
?[1;31m
Start test 16?[0m
How many mines do you want on the field?
> 8
...X...X.
.........
X........
.......X.
...X.....
.......X.
...X.....
.......X.
.........
?[1;31m
Start test 17?[0m
How many mines do you want on the field?
> 9
..X....X.
.X.......
.........
.........
....X.XX.
X........
....X.X..
.........
.........
?[1;31m
Start test 18?[0m
How many mines do you want on the field?
> 9
.....X...
.X..X....
....XX...
.....X.X.
.........
......X..
.........
......X..
.........
?[1;31m
Start test 19?[0m
How many mines do you want on the field?
> 10
.........
......XX.
.........
...X..X..
..X...XX.
.X.......
......XX.
.........
.........
?[1;31m
Start test 20?[0m
How many mines do you want on the field?
> 10
...XX.X..
.....X...
......XX.
.X....X..
..X......
.........
.........
...X.....
.........
?[1;31m
Start test 21?[0m
How many mines do you want on the field?
> 11
...X.....
....X....
.X.......
.X.....X.
.......X.
..X.X.X..
.....X...
.....X...
.........
?[1;31m
Start test 22?[0m
How many mines do you want on the field?
> 11
X..X.X...
.........
......X..
..X......
.XX......
..X......
..X......
..X.X....
.........
?[1;31m
Start test 23?[0m
How many mines do you want on the field?
> 12
.........
...X.....
X..X.....
X...X..X.
.......X.
...X..X..
..X......
XX.......
.........
?[1;31m
Start test 24?[0m
How many mines do you want on the field?
> 12
.......X.
......X..
....X....
.XX...XX.
....X..X.
.X..X....
....X....
.........
.........
?[1;31m
Start test 25?[0m
How many mines do you want on the field?
> 13
.X.X.X.X.
..XX.....
...X.....
...XX.X..
.........
.......X.
X........
.X.......
.........
?[1;31m
Start test 26?[0m
How many mines do you want on the field?
> 13
...X.....
...X.....
......X..
.....XX..
..XX.X...
.XX......
..X......
.....XX..
.........
?[1;31m
Start test 27?[0m
How many mines do you want on the field?
> 14
X..X.....
X........
X..X.XX..
.X...X...
.X...X...
X.X....X.
.........
.........
.........
?[1;31m
Start test 28?[0m
How many mines do you want on the field?
> 14
X..X...X.
.........
.X.......
.XXX...X.
.........
...XX.X..
...X..X..
.X.......
.........
?[1;31m
Start test 29?[0m
How many mines do you want on the field?
> 15
...X.X...
XXX......
..X......
.........
XX..X....
.....X.X.
.X.X.....
X..X.....
.........
?[1;31m
Start test 30?[0m
How many mines do you want on the field?
> 15
.X...XX..
.X...X...
.........
XXXX.....
X..XX....
...X.....
..X...X..
.........
.........
?[1;31m
Start test 31?[0m
How many mines do you want on the field?
> 16
X..X.....
.....XX..
.X..X....
..X..X...
..XX..X..
....X....
..X....X.
..X....X.
.........
?[1;31m
Start test 32?[0m
How many mines do you want on the field?
> 16
.X.XX....
XXX....X.
...X.....
X........
XX.....X.
.........
....X....
X.XX.....
.........
?[1;31m
Start test 33?[0m
How many mines do you want on the field?
> 17
..X.X....
.....X...
..X.X.X..
..X.X.XX.
..XX.XX..
.X.......
X........
....X....
.........
?[1;31m
Start test 34?[0m
How many mines do you want on the field?
> 17
.....X...
..X.X....
X........
....XX...
..X...XX.
.....XX..
..X.XX...
X.X....X.
.........
?[1;31m
Start test 35?[0m
How many mines do you want on the field?
> 18
...X.X...
X......X.
.....X...
.X.......
X...X.X..
X.X..X.X.
.XX....X.
..X.X....
.........
?[1;31m
Start test 36?[0m
How many mines do you want on the field?
> 18
.X.......
....X..X.
..X......
.XX..X...
......X..
....XXX..
X.X...X..
.XXX...X.
.........
?[1;31m
Start test 37?[0m
How many mines do you want on the field?
> 19
.........
.....X.X.
.X.XX....
.X...X...
XX.X...X.
.......X.
...XXX.X.
X..XX....
.........
?[1;31m
Start test 38?[0m
How many mines do you want on the field?
> 19
.X.......
....X....
XX....X..
....X.X..
X.X.X..X.
...X..XX.
.X....XX.
XX.......
.........
?[1;31m
Start test 39?[0m
How many mines do you want on the field?
> 20
..X......
XX.....X.
....X.XX.
XX...XX..
...XXXXX.
.......X.
......X..
...X..X..
.........
?[1;31m
Start test 40?[0m
How many mines do you want on the field?
> 20
...XX..X.
X.X....X.
.X..XXX..
......X..
.X.......
.X.......
X....X...
X.XXX.X..
.........
?[1;31m
Start test 41?[0m
How many mines do you want on the field?
> 21
X..X.....
X........
.....XXX.
XX..X.X..
X...XX...
...X...X.
....XX.X.
..X..X.X.
.........
?[1;31m
Start test 42?[0m
How many mines do you want on the field?
> 21
.XX......
....X....
X.X.XXX..
X........
..XX.X...
XX.XXXX..
.........
XX....X..
.........
?[1;31m
Start test 43?[0m
How many mines do you want on the field?
> 22
....XX...
.........
..XXXX...
.X..X....
X....X.X.
...XXX...
X..X.X.X.
X.XXX....
.........
?[1;31m
Start test 44?[0m
How many mines do you want on the field?
> 22
...X.X.X.
X.X..X.X.
X....XXX.
X...X....
......X..
XX..X..X.
.X...X...
....X..X.
.........
?[1;31m
Start test 45?[0m
How many mines do you want on the field?
> 23
...X...X.
X.XX..X..
....X..X.
X..X.....
X.XX...X.
XXX......
.X..XXXX.
.......X.
.........
?[1;31m
Start test 46?[0m
How many mines do you want on the field?
> 23
.XX....X.
...X...X.
..XXXX...
..X.X.X..
.X.X.X...
XX.XX..X.
...X.....
..XX.....
.........
?[1;31m
Start test 47?[0m
How many mines do you want on the field?
> 24
.X....X..
..X..XX..
XX....XX.
...X.....
X.XX...X.
.X..X....
.X...XXX.
XXXX.....
.........
?[1;31m
Start test 48?[0m
How many mines do you want on the field?
> 24
XX.X.X...
..X..XX..
..X..X.X.
.........
..XX.X...
X.X.XX...
.XXX.X...
X...X..X.
.........
?[1;31m
Start test 49?[0m
How many mines do you want on the field?
> 25
.X.X.....
......X..
....XXXX.
X.X..X...
..XX..X..
X..XXXX..
XXX.X.X..
...X...X.
.........
?[1;31m
Start test 50?[0m
How many mines do you want on the field?
> 25
....X.X..
X......X.
...XX....
XX...X...
XX..X....
.X..X.XX.
XX..XX.X.
.XXX.X...
.........
?[1;31m
Start test 51?[0m
How many mines do you want on the field?
> 26
..X......
..XXX..X.
...XX.X..
X.X..X...
XX.X..X..
..X.X.X..
X.X.X.XX.
..X.XX...
.........
?[1;31m
Start test 52?[0m
How many mines do you want on the field?
> 26
X.XXXXXX.
.....XXX.
XXXXX.X..
.....X...
...XX.XX.
...XX..X.
.X....X..
.........
.........
?[1;31m
Start test 53?[0m
How many mines do you want on the field?
> 27
......X..
.X...XXX.
..X..X...
XX.X..XX.
..X.X..X.
..X...XX.
.XXXXXX..
X....X.X.
.........
?[1;31m
Start test 54?[0m
How many mines do you want on the field?
> 27
XXX.X.XX.
XX.XX..X.
X.XXX.X..
X.X.XX...
X.XX..X..
.........
X...X....
.X.......
.........
?[1;31m
Start test 55?[0m
How many mines do you want on the field?
> 28
X....X...
..XX..XX.
X.X.XX...
..XXX.XX.
XX.XX..X.
XX..XX...
..X.X....
.....XX..
.........
?[1;31m
Start test 56?[0m
How many mines do you want on the field?
> 28
......XX.
..XX.X.X.
.X.X.X...
.XXX..X..
XXX.X.X..
.X.....X.
XX.XX.XX.
..X....X.
.........
?[1;31m
Start test 57?[0m
How many mines do you want on the field?
> 29
..X..X...
X...X..X.
......XX.
X.XXXX...
.XXX..X..
X..X.X.X.
...XXXX..
X.XXX..X.
.........
?[1;31m
Start test 58?[0m
How many mines do you want on the field?
> 29
XXXXXXXX.
.XXXX.X..
...X.X...
...XXX.X.
X..XX..X.
...X...X.
..X..XX..
....X....
.........
?[1;31m
Start test 59?[0m
How many mines do you want on the field?
> 30
....X.XX.
.X..X....
X.XXXXXX.
...X.XXX.
.X.X.....
X.X....X.
.X.XX.XX.
.XX...XX.
.........
?[1;31m
Start test 60?[0m
How many mines do you want on the field?
> 30
.XXX...X.
.XX.X.XX.
...XX....
X..XX.X..
X.XXXX...
.X....X..
.X.X...X.
X..XXXX..
.........
?[1;31m
Start test 61?[0m
How many mines do you want on the field?
> 31
.XXX...X.
XX..X.XX.
XXXXXX...
.....XX..
X.XX..X..
X.....XX.
.X.X...X.
....XXXX.
.........
?[1;31m
Start test 62?[0m
How many mines do you want on the field?
> 31
..XX..X..
XX.X.XX..
XX.X..XX.
X.XX.XXX.
..XX..XX.
X........
..XX.....
XX..XXX..
.........
?[1;31m
Start test 63?[0m
How many mines do you want on the field?
> 32
X......X.
XXX......
.X.XXXXX.
XX.XXX...
.X.XXX...
XXX..XXX.
.X.X..X..
..XXX....
.........
?[1;31m
Start test 64?[0m
How many mines do you want on the field?
> 32
X.XXXX...
X.X......
...X.....
.XX.XXX..
.X.X.XXX.
XX...X.X.
.XX..XX..
XX.X.XXX.
.........
?[1;31m
Start test 65?[0m
How many mines do you want on the field?
> 33
.....XXX.
....X..X.
.XX...X..
..XXX....
XX..XX.X.
XXX.X.XX.
XXX.XX...
XX.XXX.X.
.........
?[1;31m
Start test 66?[0m
How many mines do you want on the field?
> 33
XX.X.X...
XX.XX....
...X.X...
XXXX..XX.
.XX.X..X.
.X..XX...
.XXX..XX.
..XXX.XX.
.........
?[1;31m
Start test 67?[0m
How many mines do you want on the field?
> 34
...X.X...
.XX.X....
...X..X..
.XXXXXXX.
XXXXXX.X.
X..X.XXX.
XXXX.X...
XX.....X.
.........
?[1;31m
Start test 68?[0m
How many mines do you want on the field?
> 34
XXX..X...
XXXXX..X.
..XX.X.X.
X...XXX..
..X.XX.X.
...X..XX.
XX..X.XX.
...XXXX..
.........
?[1;31m
Start test 69?[0m
How many mines do you want on the field?
> 35
.X....X..
X..X..X..
X.X.XXXX.
X.XXXXXX.
XX..XX.X.
XX.XXX.X.
...XX....
X...X.XX.
.........
?[1;31m
Start test 70?[0m
How many mines do you want on the field?
> 35
XX.XX.X..
XX.XX.XX.
.XX......
XX.XXX...
XXXXXXXX.
..X.X.XX.
X....XXX.
....X....
.........
?[1;31m
Start test 71?[0m
How many mines do you want on the field?
> 36
X.X.XX.X.
.X.....X.
.XXX..X..
XXXXXXXX.
XX.XXX.X.
.X.X.XXX.
..X.XX...
X.X....X.
.........
?[1;31m
Start test 72?[0m
How many mines do you want on the field?
> 36
.XXX.XX..
X.XXX.X..
XXXX.XXX.
XX...X.X.
XXX..X...
.XX..XX..
X..XX.XX.
.....X.X.
.........
?[1;31m
Start test 73?[0m
How many mines do you want on the field?
> 37
XXXXXXX..
.XXXX....
X.XXXX...
X.X.XXXX.
X..X..XX.
..X..X.X.
..X......
XXX.XXXX.
.........
?[1;31m
Start test 74?[0m
How many mines do you want on the field?
> 37
.XXXXX.X.
...X...X.
XX..XXXX.
XXX..XXX.
.X..X..X.
...X.X.X.
XXX.XXXX.
..XXX.X..
.........
?[1;31m
Start test 75?[0m
How many mines do you want on the field?
> 38
XXXX..X..
X.X.XX.X.
X..XX.X..
XX.XX..X.
XX..X.X..
....XXXX.
XXX...XX.
..XXXXXX.
.........
?[1;31m
Start test 76?[0m
How many mines do you want on the field?
> 38
.XXXX.X..
XX...X...
...XXXX..
XXX.XXXX.
X..XX.X..
XXX.XX.X.
X.XX..XX.
XX...XX..
.........
?[1;31m
Start test 77?[0m
How many mines do you want on the field?
> 39
XXX.X.XX.
X..XX.XX.
..X.XXXX.
..X..X...
...X.XXX.
X.XX.X.X.
XXXXX.XX.
XXXX.X...
.........
?[1;31m
Start test 78?[0m
How many mines do you want on the field?
> 39
.XXXX.X..
X.XXXXXX.
XXXXXX...
...X.X...
X.X..XXX.
....XX...
XX.XXX...
XXX.XXXX.
.........
?[1;31m
Start test 79?[0m
How many mines do you want on the field?
> 40
XXX..XXX.
XX.XXX...
XXX....X.
X.XXX..X.
XXX.X.XX.
XXX..XX..
..XXX.XX.
X.X.XX...
.........
?[1;31m
Start test 80?[0m
How many mines do you want on the field?
> 40
XXX.X.XX.
.XXXXX.X.
X..X...X.
XXXXX..X.
...XXX.X.
XX...X.X.
.XX.XXXX.
XXXXX....
.........
?[1;31m
Start test 81?[0m
How many mines do you want on the field?
> 41
.XXXXX.X.
..XXX..X.
X.X.XX...
X.XXX.XX.
XXX.XX.X.
XXXX.XXX.
..XXX.XX.
X..X.X...
.........
?[1;31m
Start test 82?[0m
How many mines do you want on the field?
> 41
X...XXX..
XXX...XX.
.XX.XXXX.
X...XXXX.
XX..XXXX.
X.XX.XX..
XX..XX.X.
XXX...XX.
.........
?[1;31m
Start test 83?[0m
How many mines do you want on the field?
> 42
X.XXX.X..
XX.XX.XX.
...X.XXX.
.XXXXXX..
XX.XXXXX.
.XX..X.X.
XX.XXXXX.
.XX..X...
.........
?[1;31m
Start test 84?[0m
How many mines do you want on the field?
> 42
XXXX.XXX.
.XXXXXXX.
XX.X.XXX.
.XXXX.XX.
.XX.XXXX.
X.....X..
.XX..XX..
.X..XXX..
.........
?[1;31m
Start test 85?[0m
How many mines do you want on the field?
> 43
XXXXX.XX.
..XXX.XX.
XXX..X.X.
XXXXX.X..
XXXXXX...
.X..XX.X.
XXXX.XX..
X...XX.X.
.........
?[1;31m
Start test 86?[0m
How many mines do you want on the field?
> 43
.XX..XXX.
XXXXXX.X.
X.XXX.X..
X...XXX..
.XXXXXXX.
X.X.XXX..
X.XX.XXX.
.XX..XX..
.........
?[1;31m
Start test 87?[0m
How many mines do you want on the field?
> 44
XX...XXX.
XX.XX..X.
XXX.XX.X.
XXX.XXXX.
XXX.XXXX.
.X.X.....
X..X.XXX.
.XXXXXXX.
.........
?[1;31m
Start test 88?[0m
How many mines do you want on the field?
> 44
X.X.XX.X.
XXX.XXXX.
XX..XXXX.
.XX.X.X..
XX....XX.
..X..XX..
XXXXXXXX.
XXX.XXXX.
.........
?[1;31m
Start test 89?[0m
How many mines do you want on the field?
> 45
..XXX.XX.
X.X..XX..
XX....X..
XXXXX.XX.
X..XX.XX.
XXXXXXXX.
X.XXXX.X.
XXXXX.XX.
.........
?[1;31m
Start test 90?[0m
How many mines do you want on the field?
> 45
X.X.XX.X.
X..XXX...
XX.XXXXX.
XXX..XX..
.XXXXX.X.
XXXXXX.X.
XXXXX.X..
X..XX.XX.
.........
?[1;31m
Start test 91?[0m
How many mines do you want on the field?
> 46
.XXX.XXX.
.XX..X.X.
XXXXX.X..
.XX.XXX..
XXXX.XXX.
.X.XX.XX.
XXXXXXXX.
XX..XXX..
.........
?[1;31m
Start test 92?[0m
How many mines do you want on the field?
> 46
X.X..X.X.
XX.XXX.X.
XXX.XXX..
XXXXXXX..
...XX.XX.
X..XXXXX.
XX...XXX.
XXXXXXXX.
.........
?[1;31m
Start test 93?[0m
How many mines do you want on the field?
> 47
XXX.XXXX.
.X.XXXXX.
XXX..XX..
X.XXXXXX.
.XX.XXX..
X.X.X..X.
XXXX..XX.
XXXX.XXX.
.........
?[1;31m
Start test 94?[0m
How many mines do you want on the field?
> 47
XXXXXXXX.
XXXX..XX.
XXXXXX...
XX..X.XX.
..XXXX.X.
XX.XXXXX.
..XX.XXX.
X.XX..XX.
.........
?[1;31m
Start test 95?[0m
How many mines do you want on the field?
> 48
.X.XXX.X.
XXXXXX.X.
.XX.XXXX.
.X.XX.X..
XXXXXXXX.
XXXXXXXX.
.XX.XX.X.
.XXXX.X..
.........
?[1;31m
Start test 96?[0m
How many mines do you want on the field?
> 48
XXX.X..X.
XXXXXX.X.
XXXXXXXX.
...X.XXX.
XXX.XXXX.
X....X.X.
XXXX.XXX.
XX.XXXXX.
.........
?[1;31m
Start test 97?[0m
How many mines do you want on the field?
> 49
XXXXXX...
X.X.XX...
X.X.XXX..
XX.XXX...
XXXXXXXX.
..XXXXXX.
.XXXXXXX.
XXXXXXXX.
.........
?[1;31m
Start test 98?[0m
How many mines do you want on the field?
> 49
XXXXXXXX.
XXXX.XX..
XXXXXX...
.X.XXXXX.
.XXX..X..
XX.XXXXX.
XXXXX.X..
XX.X.XXX.
.........
?[1;31m
Start test 99?[0m
How many mines do you want on the field?
> 50
XXX.XXXX.
XXXX...X.
XXX.XXXX.
X.XXX.XX.
XXXXXX.X.
XXX.X.X..
XXXX.XX..
XXXXX.XX.
.........
?[1;31m
Start test 100?[0m
How many mines do you want on the field?
> 50
XXX.XXXX.
..XX..XX.
X.XXXXXX.
.XXXXX...
XXXX.XXX.
XXXXX.XX.
.XXX.XXX.
XXXXX.XX.
.........
]]></system-out>
  <system-err><![CDATA[]]></system-err>
</testsuite>
