<?xml version="1.0" encoding="UTF-8"?>
<testsuite name="hstest.MinesweeperTest" tests="1" skipped="0" failures="0" errors="0" timestamp="2024-09-08T00:34:16" hostname="Jarvis-M3-Pro.local" time="1.101">
  <properties/>
  <testcase name="start" classname="hstest.MinesweeperTest" time="1.101"/>
  <system-out><![CDATA[?[1;31m
Start test 1?[0m
How many mines do you want on the field?
> 1
[[2, 2]]
 |123456789|
-|---------|
1|.........|
2|.........|
3|.........|
4|.........|
5|.........|
6|.........|
7|.........|
8|.........|
9|.........|
-|---------|
Set/unset mines marks or claim a cell as free:
> 7 1 free
 |123456789|
-|---------|
1|..1//////|
2|..1//////|
3|111//////|
4|/////////|
5|/////////|
6|/////////|
7|/////////|
8|/////////|
9|/////////|
-|---------|
Set/unset mines marks or claim a cell as free:
> 1 1 free
 |123456789|
-|---------|
1|1.1//////|
2|..1//////|
3|111//////|
4|/////////|
5|/////////|
6|/////////|
7|/////////|
8|/////////|
9|/////////|
-|---------|
Set/unset mines marks or claim a cell as free:
> 1 2 free
 |123456789|
-|---------|
1|1.1//////|
2|1.1//////|
3|111//////|
4|/////////|
5|/////////|
6|/////////|
7|/////////|
8|/////////|
9|/////////|
-|---------|
Set/unset mines marks or claim a cell as free:
> 2 1 mine
 |123456789|
-|---------|
1|1*1//////|
2|1.1//////|
3|111//////|
4|/////////|
5|/////////|
6|/////////|
7|/////////|
8|/////////|
9|/////////|
-|---------|
Set/unset mines marks or claim a cell as free:
> 2 2 free
 |123456789|
-|---------|
1|1*1//////|
2|1X1//////|
3|111//////|
4|/////////|
5|/////////|
6|/////////|
7|/////////|
8|/////////|
9|/////////|
-|---------|
You stepped on a mine and failed!
?[1;31m
Start test 2?[0m
How many mines do you want on the field?
> 1
[[4, 5]]
 |123456789|
-|---------|
1|.........|
2|.........|
3|.........|
4|.........|
5|.........|
6|.........|
7|.........|
8|.........|
9|.........|
-|---------|
Set/unset mines marks or claim a cell as free:
> 2 8 mine
 |123456789|
-|---------|
1|.........|
2|.........|
3|.........|
4|.........|
5|.........|
6|.........|
7|.........|
8|.*.......|
9|.........|
-|---------|
Set/unset mines marks or claim a cell as free:
> 2 8 mine
 |123456789|
-|---------|
1|.........|
2|.........|
3|.........|
4|.........|
5|.........|
6|.........|
7|.........|
8|.........|
9|.........|
-|---------|
Set/unset mines marks or claim a cell as free:
> 5 4 free
 |123456789|
-|---------|
1|.........|
2|.........|
3|.........|
4|....1....|
5|.........|
6|.........|
7|.........|
8|.........|
9|.........|
-|---------|
Set/unset mines marks or claim a cell as free:
> 4 5 mine
 |123456789|
-|---------|
1|.........|
2|.........|
3|.........|
4|....1....|
5|...*.....|
6|.........|
7|.........|
8|.........|
9|.........|
-|---------|
Congratulations! You found all the mines!
?[1;31m
Start test 3?[0m
How many mines do you want on the field?
> 1
[[9, 2]]
 |123456789|
-|---------|
1|.........|
2|.........|
3|.........|
4|.........|
5|.........|
6|.........|
7|.........|
8|.........|
9|.........|
-|---------|
Set/unset mines marks or claim a cell as free:
> 1 2 free
 |123456789|
-|---------|
1|///////1.|
2|///////1.|
3|///////11|
4|/////////|
5|/////////|
6|/////////|
7|/////////|
8|/////////|
9|/////////|
-|---------|
Set/unset mines marks or claim a cell as free:
> 9 2 free
 |123456789|
-|---------|
1|///////1.|
2|///////1X|
3|///////11|
4|/////////|
5|/////////|
6|/////////|
7|/////////|
8|/////////|
9|/////////|
-|---------|
You stepped on a mine and failed!
?[1;31m
Start test 4?[0m
How many mines do you want on the field?
> 1
[[3, 7]]
 |123456789|
-|---------|
1|.........|
2|.........|
3|.........|
4|.........|
5|.........|
6|.........|
7|.........|
8|.........|
9|.........|
-|---------|
Set/unset mines marks or claim a cell as free:
> 2 6 free
 |123456789|
-|---------|
1|.........|
2|.........|
3|.........|
4|.........|
5|.........|
6|.1.......|
7|.........|
8|.........|
9|.........|
-|---------|
Set/unset mines marks or claim a cell as free:
> 9 2 free
 |123456789|
-|---------|
1|/////////|
2|/////////|
3|/////////|
4|/////////|
5|/////////|
6|/111/////|
7|/1.1/////|
8|/111/////|
9|/////////|
-|---------|
Congratulations! You found all the mines!
?[1;31m
Start test 5?[0m
How many mines do you want on the field?
> 1
[[7, 7]]
 |123456789|
-|---------|
1|.........|
2|.........|
3|.........|
4|.........|
5|.........|
6|.........|
7|.........|
8|.........|
9|.........|
-|---------|
Set/unset mines marks or claim a cell as free:
> 6 5 free
 |123456789|
-|---------|
1|/////////|
2|/////////|
3|/////////|
4|/////////|
5|/////////|
6|/////111/|
7|/////1.1/|
8|/////111/|
9|/////////|
-|---------|
Congratulations! You found all the mines!
?[1;31m
Start test 6?[0m
How many mines do you want on the field?
> 1
[[6, 6]]
 |123456789|
-|---------|
1|.........|
2|.........|
3|.........|
4|.........|
5|.........|
6|.........|
7|.........|
8|.........|
9|.........|
-|---------|
Set/unset mines marks or claim a cell as free:
> 5 2 free
 |123456789|
-|---------|
1|/////////|
2|/////////|
3|/////////|
4|/////////|
5|////111//|
6|////1.1//|
7|////111//|
8|/////////|
9|/////////|
-|---------|
Congratulations! You found all the mines!
?[1;31m
Start test 7?[0m
How many mines do you want on the field?
> 1
[[4, 1]]
 |123456789|
-|---------|
1|.........|
2|.........|
3|.........|
4|.........|
5|.........|
6|.........|
7|.........|
8|.........|
9|.........|
-|---------|
Set/unset mines marks or claim a cell as free:
> 1 6 free
 |123456789|
-|---------|
1|//1.1////|
2|//111////|
3|/////////|
4|/////////|
5|/////////|
6|/////////|
7|/////////|
8|/////////|
9|/////////|
-|---------|
Congratulations! You found all the mines!
?[1;31m
Start test 8?[0m
How many mines do you want on the field?
> 1
[[1, 6]]
 |123456789|
-|---------|
1|.........|
2|.........|
3|.........|
4|.........|
5|.........|
6|.........|
7|.........|
8|.........|
9|.........|
-|---------|
Set/unset mines marks or claim a cell as free:
> 2 8 mine
 |123456789|
-|---------|
1|.........|
2|.........|
3|.........|
4|.........|
5|.........|
6|.........|
7|.........|
8|.*.......|
9|.........|
-|---------|
Set/unset mines marks or claim a cell as free:
> 2 1 free
 |123456789|
-|---------|
1|/////////|
2|/////////|
3|/////////|
4|/////////|
5|11///////|
6|.1///////|
7|11///////|
8|/////////|
9|/////////|
-|---------|
Congratulations! You found all the mines!
?[1;31m
Start test 9?[0m
How many mines do you want on the field?
> 1
[[9, 5]]
 |123456789|
-|---------|
1|.........|
2|.........|
3|.........|
4|.........|
5|.........|
6|.........|
7|.........|
8|.........|
9|.........|
-|---------|
Set/unset mines marks or claim a cell as free:
> 6 7 mine
 |123456789|
-|---------|
1|.........|
2|.........|
3|.........|
4|.........|
5|.........|
6|.........|
7|.....*...|
8|.........|
9|.........|
-|---------|
Set/unset mines marks or claim a cell as free:
> 6 3 free
 |123456789|
-|---------|
1|/////////|
2|/////////|
3|/////////|
4|///////11|
5|///////1.|
6|///////11|
7|/////////|
8|/////////|
9|/////////|
-|---------|
Congratulations! You found all the mines!
?[1;31m
Start test 10?[0m
How many mines do you want on the field?
> 1
[[5, 1]]
 |123456789|
-|---------|
1|.........|
2|.........|
3|.........|
4|.........|
5|.........|
6|.........|
7|.........|
8|.........|
9|.........|
-|---------|
Set/unset mines marks or claim a cell as free:
> 9 9 free
 |123456789|
-|---------|
1|///1.1///|
2|///111///|
3|/////////|
4|/////////|
5|/////////|
6|/////////|
7|/////////|
8|/////////|
9|/////////|
-|---------|
Congratulations! You found all the mines!
?[1;31m
Start test 11?[0m
How many mines do you want on the field?
> 1
[[3, 7]]
 |123456789|
-|---------|
1|.........|
2|.........|
3|.........|
4|.........|
5|.........|
6|.........|
7|.........|
8|.........|
9|.........|
-|---------|
Set/unset mines marks or claim a cell as free:
> 7 7 mine
 |123456789|
-|---------|
1|.........|
2|.........|
3|.........|
4|.........|
5|.........|
6|.........|
7|......*..|
8|.........|
9|.........|
-|---------|
Set/unset mines marks or claim a cell as free:
> 1 7 mine
 |123456789|
-|---------|
1|.........|
2|.........|
3|.........|
4|.........|
5|.........|
6|.........|
7|*.....*..|
8|.........|
9|.........|
-|---------|
Set/unset mines marks or claim a cell as free:
> 8 4 free
 |123456789|
-|---------|
1|/////////|
2|/////////|
3|/////////|
4|/////////|
5|/////////|
6|/111/////|
7|/1.1/////|
8|/111/////|
9|/////////|
-|---------|
Congratulations! You found all the mines!
?[1;31m
Start test 12?[0m
How many mines do you want on the field?
> 1
[[3, 6]]
 |123456789|
-|---------|
1|.........|
2|.........|
3|.........|
4|.........|
5|.........|
6|.........|
7|.........|
8|.........|
9|.........|
-|---------|
Set/unset mines marks or claim a cell as free:
> 4 3 free
 |123456789|
-|---------|
1|/////////|
2|/////////|
3|/////////|
4|/////////|
5|/111/////|
6|/1.1/////|
7|/111/////|
8|/////////|
9|/////////|
-|---------|
Congratulations! You found all the mines!
?[1;31m
Start test 13?[0m
How many mines do you want on the field?
> 1
[[4, 2]]
 |123456789|
-|---------|
1|.........|
2|.........|
3|.........|
4|.........|
5|.........|
6|.........|
7|.........|
8|.........|
9|.........|
-|---------|
Set/unset mines marks or claim a cell as free:
> 7 4 free
 |123456789|
-|---------|
1|//1.1////|
2|//1.1////|
3|//111////|
4|/////////|
5|/////////|
6|/////////|
7|/////////|
8|/////////|
9|/////////|
-|---------|
Set/unset mines marks or claim a cell as free:
> 4 1 free
 |123456789|
-|---------|
1|//111////|
2|//1.1////|
3|//111////|
4|/////////|
5|/////////|
6|/////////|
7|/////////|
8|/////////|
9|/////////|
-|---------|
Congratulations! You found all the mines!
?[1;31m
Start test 14?[0m
How many mines do you want on the field?
> 1
[[3, 9]]
 |123456789|
-|---------|
1|.........|
2|.........|
3|.........|
4|.........|
5|.........|
6|.........|
7|.........|
8|.........|
9|.........|
-|---------|
Set/unset mines marks or claim a cell as free:
> 1 1 free
 |123456789|
-|---------|
1|/////////|
2|/////////|
3|/////////|
4|/////////|
5|/////////|
6|/////////|
7|/////////|
8|/111/////|
9|/1.1/////|
-|---------|
Congratulations! You found all the mines!
?[1;31m
Start test 15?[0m
How many mines do you want on the field?
> 1
[[5, 2]]
 |123456789|
-|---------|
1|.........|
2|.........|
3|.........|
4|.........|
5|.........|
6|.........|
7|.........|
8|.........|
9|.........|
-|---------|
Set/unset mines marks or claim a cell as free:
> 1 8 free
 |123456789|
-|---------|
1|///1.1///|
2|///1.1///|
3|///111///|
4|/////////|
5|/////////|
6|/////////|
7|/////////|
8|/////////|
9|/////////|
-|---------|
Set/unset mines marks or claim a cell as free:
> 5 1 free
 |123456789|
-|---------|
1|///111///|
2|///1.1///|
3|///111///|
4|/////////|
5|/////////|
6|/////////|
7|/////////|
8|/////////|
9|/////////|
-|---------|
Congratulations! You found all the mines!
?[1;31m
Start test 16?[0m
How many mines do you want on the field?
> 1
[[7, 9]]
 |123456789|
-|---------|
1|.........|
2|.........|
3|.........|
4|.........|
5|.........|
6|.........|
7|.........|
8|.........|
9|.........|
-|---------|
Set/unset mines marks or claim a cell as free:
> 9 5 free
 |123456789|
-|---------|
1|/////////|
2|/////////|
3|/////////|
4|/////////|
5|/////////|
6|/////////|
7|/////////|
8|/////111/|
9|/////1.1/|
-|---------|
Congratulations! You found all the mines!
?[1;31m
Start test 17?[0m
How many mines do you want on the field?
> 1
[[4, 9]]
 |123456789|
-|---------|
1|.........|
2|.........|
3|.........|
4|.........|
5|.........|
6|.........|
7|.........|
8|.........|
9|.........|
-|---------|
Set/unset mines marks or claim a cell as free:
> 1 2 mine
 |123456789|
-|---------|
1|.........|
2|*........|
3|.........|
4|.........|
5|.........|
6|.........|
7|.........|
8|.........|
9|.........|
-|---------|
Set/unset mines marks or claim a cell as free:
> 1 7 mine
 |123456789|
-|---------|
1|.........|
2|*........|
3|.........|
4|.........|
5|.........|
6|.........|
7|*........|
8|.........|
9|.........|
-|---------|
Set/unset mines marks or claim a cell as free:
> 6 3 mine
 |123456789|
-|---------|
1|.........|
2|*........|
3|.....*...|
4|.........|
5|.........|
6|.........|
7|*........|
8|.........|
9|.........|
-|---------|
Set/unset mines marks or claim a cell as free:
> 1 2 mine
 |123456789|
-|---------|
1|.........|
2|.........|
3|.....*...|
4|.........|
5|.........|
6|.........|
7|*........|
8|.........|
9|.........|
-|---------|
Set/unset mines marks or claim a cell as free:
> 6 6 mine
 |123456789|
-|---------|
1|.........|
2|.........|
3|.....*...|
4|.........|
5|.........|
6|.....*...|
7|*........|
8|.........|
9|.........|
-|---------|
Set/unset mines marks or claim a cell as free:
> 6 7 free
 |123456789|
-|---------|
1|/////////|
2|/////////|
3|/////////|
4|/////////|
5|/////////|
6|/////////|
7|/////////|
8|//111////|
9|//1.1////|
-|---------|
Congratulations! You found all the mines!
?[1;31m
Start test 18?[0m
How many mines do you want on the field?
> 1
[[2, 5]]
 |123456789|
-|---------|
1|.........|
2|.........|
3|.........|
4|.........|
5|.........|
6|.........|
7|.........|
8|.........|
9|.........|
-|---------|
Set/unset mines marks or claim a cell as free:
> 5 6 free
 |123456789|
-|---------|
1|/////////|
2|/////////|
3|/////////|
4|111//////|
5|..1//////|
6|111//////|
7|/////////|
8|/////////|
9|/////////|
-|---------|
Set/unset mines marks or claim a cell as free:
> 1 5 mine
 |123456789|
-|---------|
1|/////////|
2|/////////|
3|/////////|
4|111//////|
5|*.1//////|
6|111//////|
7|/////////|
8|/////////|
9|/////////|
-|---------|
Set/unset mines marks or claim a cell as free:
> 2 5 free
 |123456789|
-|---------|
1|/////////|
2|/////////|
3|/////////|
4|111//////|
5|*X1//////|
6|111//////|
7|/////////|
8|/////////|
9|/////////|
-|---------|
You stepped on a mine and failed!
?[1;31m
Start test 19?[0m
How many mines do you want on the field?
> 1
[[4, 4]]
 |123456789|
-|---------|
1|.........|
2|.........|
3|.........|
4|.........|
5|.........|
6|.........|
7|.........|
8|.........|
9|.........|
-|---------|
Set/unset mines marks or claim a cell as free:
> 3 1 free
 |123456789|
-|---------|
1|/////////|
2|/////////|
3|//111////|
4|//1.1////|
5|//111////|
6|/////////|
7|/////////|
8|/////////|
9|/////////|
-|---------|
Congratulations! You found all the mines!
?[1;31m
Start test 20?[0m
How many mines do you want on the field?
> 1
[[7, 7]]
 |123456789|
-|---------|
1|.........|
2|.........|
3|.........|
4|.........|
5|.........|
6|.........|
7|.........|
8|.........|
9|.........|
-|---------|
Set/unset mines marks or claim a cell as free:
> 5 6 mine
 |123456789|
-|---------|
1|.........|
2|.........|
3|.........|
4|.........|
5|.........|
6|....*....|
7|.........|
8|.........|
9|.........|
-|---------|
Set/unset mines marks or claim a cell as free:
> 1 4 free
 |123456789|
-|---------|
1|/////////|
2|/////////|
3|/////////|
4|/////////|
5|/////////|
6|/////111/|
7|/////1.1/|
8|/////111/|
9|/////////|
-|---------|
Congratulations! You found all the mines!
?[1;31m
Start test 21?[0m
How many mines do you want on the field?
> 2
[[1, 3], [8, 8]]
 |123456789|
-|---------|
1|.........|
2|.........|
3|.........|
4|.........|
5|.........|
6|.........|
7|.........|
8|.........|
9|.........|
-|---------|
Set/unset mines marks or claim a cell as free:
> 9 6 free
 |123456789|
-|---------|
1|/////////|
2|11///////|
3|.1///////|
4|11///////|
5|/////////|
6|/////////|
7|//////111|
8|//////1..|
9|//////1..|
-|---------|
Set/unset mines marks or claim a cell as free:
> 9 8 mine
 |123456789|
-|---------|
1|/////////|
2|11///////|
3|.1///////|
4|11///////|
5|/////////|
6|/////////|
7|//////111|
8|//////1.*|
9|//////1..|
-|---------|
Set/unset mines marks or claim a cell as free:
> 9 8 mine
 |123456789|
-|---------|
1|/////////|
2|11///////|
3|.1///////|
4|11///////|
5|/////////|
6|/////////|
7|//////111|
8|//////1..|
9|//////1..|
-|---------|
Set/unset mines marks or claim a cell as free:
> 8 9 mine
 |123456789|
-|---------|
1|/////////|
2|11///////|
3|.1///////|
4|11///////|
5|/////////|
6|/////////|
7|//////111|
8|//////1..|
9|//////1*.|
-|---------|
Set/unset mines marks or claim a cell as free:
> 8 9 mine
 |123456789|
-|---------|
1|/////////|
2|11///////|
3|.1///////|
4|11///////|
5|/////////|
6|/////////|
7|//////111|
8|//////1..|
9|//////1..|
-|---------|
Set/unset mines marks or claim a cell as free:
> 8 9 free
 |123456789|
-|---------|
1|/////////|
2|11///////|
3|.1///////|
4|11///////|
5|/////////|
6|/////////|
7|//////111|
8|//////1..|
9|//////11.|
-|---------|
Set/unset mines marks or claim a cell as free:
> 9 9 free
 |123456789|
-|---------|
1|/////////|
2|11///////|
3|.1///////|
4|11///////|
5|/////////|
6|/////////|
7|//////111|
8|//////1..|
9|//////111|
-|---------|
Set/unset mines marks or claim a cell as free:
> 9 8 free
 |123456789|
-|---------|
1|/////////|
2|11///////|
3|.1///////|
4|11///////|
5|/////////|
6|/////////|
7|//////111|
8|//////1.1|
9|//////111|
-|---------|
Congratulations! You found all the mines!
?[1;31m
Start test 22?[0m
How many mines do you want on the field?
> 2
[[2, 5], [7, 5]]
 |123456789|
-|---------|
1|.........|
2|.........|
3|.........|
4|.........|
5|.........|
6|.........|
7|.........|
8|.........|
9|.........|
-|---------|
Set/unset mines marks or claim a cell as free:
> 8 9 free
 |123456789|
-|---------|
1|/////////|
2|/////////|
3|/////////|
4|111//111/|
5|..1//1.1/|
6|111//111/|
7|/////////|
8|/////////|
9|/////////|
-|---------|
Set/unset mines marks or claim a cell as free:
> 2 5 free
 |123456789|
-|---------|
1|/////////|
2|/////////|
3|/////////|
4|111//111/|
5|.X1//1X1/|
6|111//111/|
7|/////////|
8|/////////|
9|/////////|
-|---------|
You stepped on a mine and failed!
?[1;31m
Start test 23?[0m
How many mines do you want on the field?
> 2
[[9, 8], [6, 8]]
 |123456789|
-|---------|
1|.........|
2|.........|
3|.........|
4|.........|
5|.........|
6|.........|
7|.........|
8|.........|
9|.........|
-|---------|
Set/unset mines marks or claim a cell as free:
> 9 8 free
 |123456789|
-|---------|
1|.........|
2|.........|
3|.........|
4|.........|
5|.........|
6|.........|
7|.........|
8|.....X..X|
9|.........|
-|---------|
You stepped on a mine and failed!
?[1;31m
Start test 24?[0m
How many mines do you want on the field?
> 2
[[1, 6], [4, 2]]
 |123456789|
-|---------|
1|.........|
2|.........|
3|.........|
4|.........|
5|.........|
6|.........|
7|.........|
8|.........|
9|.........|
-|---------|
Set/unset mines marks or claim a cell as free:
> 7 3 free
 |123456789|
-|---------|
1|//1.1////|
2|//1.1////|
3|//111////|
4|/////////|
5|11///////|
6|.1///////|
7|11///////|
8|/////////|
9|/////////|
-|---------|
Set/unset mines marks or claim a cell as free:
> 1 6 free
 |123456789|
-|---------|
1|//1.1////|
2|//1X1////|
3|//111////|
4|/////////|
5|11///////|
6|X1///////|
7|11///////|
8|/////////|
9|/////////|
-|---------|
You stepped on a mine and failed!
?[1;31m
Start test 25?[0m
How many mines do you want on the field?
> 2
[[8, 2], [9, 1]]
 |123456789|
-|---------|
1|.........|
2|.........|
3|.........|
4|.........|
5|.........|
6|.........|
7|.........|
8|.........|
9|.........|
-|---------|
Set/unset mines marks or claim a cell as free:
> 2 5 mine
 |123456789|
-|---------|
1|.........|
2|.........|
3|.........|
4|.........|
5|.*.......|
6|.........|
7|.........|
8|.........|
9|.........|
-|---------|
Set/unset mines marks or claim a cell as free:
> 6 9 free
 |123456789|
-|---------|
1|//////1..|
2|//////1..|
3|//////111|
4|/////////|
5|/////////|
6|/////////|
7|/////////|
8|/////////|
9|/////////|
-|---------|
Set/unset mines marks or claim a cell as free:
> 8 1 free
 |123456789|
-|---------|
1|//////12.|
2|//////1..|
3|//////111|
4|/////////|
5|/////////|
6|/////////|
7|/////////|
8|/////////|
9|/////////|
-|---------|
Set/unset mines marks or claim a cell as free:
> 8 2 free
 |123456789|
-|---------|
1|//////12X|
2|//////1X.|
3|//////111|
4|/////////|
5|/////////|
6|/////////|
7|/////////|
8|/////////|
9|/////////|
-|---------|
You stepped on a mine and failed!
?[1;31m
Start test 26?[0m
How many mines do you want on the field?
> 2
[[5, 5], [2, 1]]
 |123456789|
-|---------|
1|.........|
2|.........|
3|.........|
4|.........|
5|.........|
6|.........|
7|.........|
8|.........|
9|.........|
-|---------|
Set/unset mines marks or claim a cell as free:
> 6 1 free
 |123456789|
-|---------|
1|..1//////|
2|111//////|
3|/////////|
4|///111///|
5|///1.1///|
6|///111///|
7|/////////|
8|/////////|
9|/////////|
-|---------|
Set/unset mines marks or claim a cell as free:
> 1 1 free
 |123456789|
-|---------|
1|1.1//////|
2|111//////|
3|/////////|
4|///111///|
5|///1.1///|
6|///111///|
7|/////////|
8|/////////|
9|/////////|
-|---------|
Congratulations! You found all the mines!
?[1;31m
Start test 27?[0m
How many mines do you want on the field?
> 2
[[7, 4], [4, 2]]
 |123456789|
-|---------|
1|.........|
2|.........|
3|.........|
4|.........|
5|.........|
6|.........|
7|.........|
8|.........|
9|.........|
-|---------|
Set/unset mines marks or claim a cell as free:
> 2 1 mine
 |123456789|
-|---------|
1|.*.......|
2|.........|
3|.........|
4|.........|
5|.........|
6|.........|
7|.........|
8|.........|
9|.........|
-|---------|
Set/unset mines marks or claim a cell as free:
> 2 1 mine
 |123456789|
-|---------|
1|.........|
2|.........|
3|.........|
4|.........|
5|.........|
6|.........|
7|.........|
8|.........|
9|.........|
-|---------|
Set/unset mines marks or claim a cell as free:
> 6 2 mine
 |123456789|
-|---------|
1|.........|
2|.....*...|
3|.........|
4|.........|
5|.........|
6|.........|
7|.........|
8|.........|
9|.........|
-|---------|
Set/unset mines marks or claim a cell as free:
> 2 5 free
 |123456789|
-|---------|
1|//1.1////|
2|//1.1////|
3|//111111/|
4|/////1.1/|
5|/////111/|
6|/////////|
7|/////////|
8|/////////|
9|/////////|
-|---------|
Set/unset mines marks or claim a cell as free:
> 7 4 free
 |123456789|
-|---------|
1|//1.1////|
2|//1X1////|
3|//111111/|
4|/////1X1/|
5|/////111/|
6|/////////|
7|/////////|
8|/////////|
9|/////////|
-|---------|
You stepped on a mine and failed!
?[1;31m
Start test 28?[0m
How many mines do you want on the field?
> 2
[[3, 8], [4, 1]]
 |123456789|
-|---------|
1|.........|
2|.........|
3|.........|
4|.........|
5|.........|
6|.........|
7|.........|
8|.........|
9|.........|
-|---------|
Set/unset mines marks or claim a cell as free:
> 4 4 free
 |123456789|
-|---------|
1|//1.1////|
2|//111////|
3|/////////|
4|/////////|
5|/////////|
6|/////////|
7|/111/////|
8|/1.1/////|
9|/1.1/////|
-|---------|
Set/unset mines marks or claim a cell as free:
> 4 1 mine
 |123456789|
-|---------|
1|//1*1////|
2|//111////|
3|/////////|
4|/////////|
5|/////////|
6|/////////|
7|/111/////|
8|/1.1/////|
9|/1.1/////|
-|---------|
Set/unset mines marks or claim a cell as free:
> 3 9 free
 |123456789|
-|---------|
1|//1*1////|
2|//111////|
3|/////////|
4|/////////|
5|/////////|
6|/////////|
7|/111/////|
8|/1.1/////|
9|/111/////|
-|---------|
Congratulations! You found all the mines!
?[1;31m
Start test 29?[0m
How many mines do you want on the field?
> 2
[[8, 9], [9, 8]]
 |123456789|
-|---------|
1|.........|
2|.........|
3|.........|
4|.........|
5|.........|
6|.........|
7|.........|
8|.........|
9|.........|
-|---------|
Set/unset mines marks or claim a cell as free:
> 2 5 free
 |123456789|
-|---------|
1|/////////|
2|/////////|
3|/////////|
4|/////////|
5|/////////|
6|/////////|
7|///////11|
8|//////12.|
9|//////1..|
-|---------|
Set/unset mines marks or claim a cell as free:
> 8 9 free
 |123456789|
-|---------|
1|/////////|
2|/////////|
3|/////////|
4|/////////|
5|/////////|
6|/////////|
7|///////11|
8|//////12X|
9|//////1X.|
-|---------|
You stepped on a mine and failed!
?[1;31m
Start test 30?[0m
How many mines do you want on the field?
> 2
[[6, 7], [8, 9]]
 |123456789|
-|---------|
1|.........|
2|.........|
3|.........|
4|.........|
5|.........|
6|.........|
7|.........|
8|.........|
9|.........|
-|---------|
Set/unset mines marks or claim a cell as free:
> 4 4 free
 |123456789|
-|---------|
1|/////////|
2|/////////|
3|/////////|
4|/////////|
5|/////////|
6|////111//|
7|////1.1//|
8|////11211|
9|//////1..|
-|---------|
Set/unset mines marks or claim a cell as free:
> 6 7 free
 |123456789|
-|---------|
1|/////////|
2|/////////|
3|/////////|
4|/////////|
5|/////////|
6|////111//|
7|////1X1//|
8|////11211|
9|//////1X.|
-|---------|
You stepped on a mine and failed!
?[1;31m
Start test 31?[0m
How many mines do you want on the field?
> 2
[[6, 2], [6, 5]]
 |123456789|
-|---------|
1|.........|
2|.........|
3|.........|
4|.........|
5|.........|
6|.........|
7|.........|
8|.........|
9|.........|
-|---------|
Set/unset mines marks or claim a cell as free:
> 4 6 mine
 |123456789|
-|---------|
1|.........|
2|.........|
3|.........|
4|.........|
5|.........|
6|...*.....|
7|.........|
8|.........|
9|.........|
-|---------|
Set/unset mines marks or claim a cell as free:
> 2 2 free
 |123456789|
-|---------|
1|////1.1//|
2|////1.1//|
3|////1.1//|
4|////1.1//|
5|////1.1//|
6|////111//|
7|/////////|
8|/////////|
9|/////////|
-|---------|
Set/unset mines marks or claim a cell as free:
> 6 4 free
 |123456789|
-|---------|
1|////1.1//|
2|////1.1//|
3|////1.1//|
4|////111//|
5|////1.1//|
6|////111//|
7|/////////|
8|/////////|
9|/////////|
-|---------|
Set/unset mines marks or claim a cell as free:
> 6 1 free
 |123456789|
-|---------|
1|////111//|
2|////1.1//|
3|////1.1//|
4|////111//|
5|////1.1//|
6|////111//|
7|/////////|
8|/////////|
9|/////////|
-|---------|
Set/unset mines marks or claim a cell as free:
> 6 2 mine
 |123456789|
-|---------|
1|////111//|
2|////1*1//|
3|////1.1//|
4|////111//|
5|////1.1//|
6|////111//|
7|/////////|
8|/////////|
9|/////////|
-|---------|
Set/unset mines marks or claim a cell as free:
> 6 5 free
 |123456789|
-|---------|
1|////111//|
2|////1X1//|
3|////1.1//|
4|////111//|
5|////1X1//|
6|////111//|
7|/////////|
8|/////////|
9|/////////|
-|---------|
You stepped on a mine and failed!
?[1;31m
Start test 32?[0m
How many mines do you want on the field?
> 2
[[2, 9], [2, 2]]
 |123456789|
-|---------|
1|.........|
2|.........|
3|.........|
4|.........|
5|.........|
6|.........|
7|.........|
8|.........|
9|.........|
-|---------|
Set/unset mines marks or claim a cell as free:
> 9 2 mine
 |123456789|
-|---------|
1|.........|
2|........*|
3|.........|
4|.........|
5|.........|
6|.........|
7|.........|
8|.........|
9|.........|
-|---------|
Set/unset mines marks or claim a cell as free:
> 7 4 free
 |123456789|
-|---------|
1|..1//////|
2|..1//////|
3|111//////|
4|/////////|
5|/////////|
6|/////////|
7|/////////|
8|111//////|
9|..1//////|
-|---------|
Set/unset mines marks or claim a cell as free:
> 2 1 free
 |123456789|
-|---------|
1|.11//////|
2|..1//////|
3|111//////|
4|/////////|
5|/////////|
6|/////////|
7|/////////|
8|111//////|
9|..1//////|
-|---------|
Set/unset mines marks or claim a cell as free:
> 1 9 free
 |123456789|
-|---------|
1|.11//////|
2|..1//////|
3|111//////|
4|/////////|
5|/////////|
6|/////////|
7|/////////|
8|111//////|
9|1.1//////|
-|---------|
Set/unset mines marks or claim a cell as free:
> 2 9 free
 |123456789|
-|---------|
1|.11//////|
2|.X1//////|
3|111//////|
4|/////////|
5|/////////|
6|/////////|
7|/////////|
8|111//////|
9|1X1//////|
-|---------|
You stepped on a mine and failed!
?[1;31m
Start test 33?[0m
How many mines do you want on the field?
> 2
[[1, 2], [8, 9]]
 |123456789|
-|---------|
1|.........|
2|.........|
3|.........|
4|.........|
5|.........|
6|.........|
7|.........|
8|.........|
9|.........|
-|---------|
Set/unset mines marks or claim a cell as free:
> 9 1 free
 |123456789|
-|---------|
1|.1///////|
2|.1///////|
3|11///////|
4|/////////|
5|/////////|
6|/////////|
7|/////////|
8|//////111|
9|//////1..|
-|---------|
Set/unset mines marks or claim a cell as free:
> 1 1 mine
 |123456789|
-|---------|
1|*1///////|
2|.1///////|
3|11///////|
4|/////////|
5|/////////|
6|/////////|
7|/////////|
8|//////111|
9|//////1..|
-|---------|
Set/unset mines marks or claim a cell as free:
> 9 9 free
 |123456789|
-|---------|
1|*1///////|
2|.1///////|
3|11///////|
4|/////////|
5|/////////|
6|/////////|
7|/////////|
8|//////111|
9|//////1.1|
-|---------|
Set/unset mines marks or claim a cell as free:
> 8 9 free
 |123456789|
-|---------|
1|*1///////|
2|X1///////|
3|11///////|
4|/////////|
5|/////////|
6|/////////|
7|/////////|
8|//////111|
9|//////1X1|
-|---------|
You stepped on a mine and failed!
?[1;31m
Start test 34?[0m
How many mines do you want on the field?
> 2
[[8, 6], [6, 7]]
 |123456789|
-|---------|
1|.........|
2|.........|
3|.........|
4|.........|
5|.........|
6|.........|
7|.........|
8|.........|
9|.........|
-|---------|
Set/unset mines marks or claim a cell as free:
> 1 6 free
 |123456789|
-|---------|
1|/////////|
2|/////////|
3|/////////|
4|/////////|
5|//////111|
6|////112..|
7|////1.211|
8|////111//|
9|/////////|
-|---------|
Set/unset mines marks or claim a cell as free:
> 9 6 free
 |123456789|
-|---------|
1|/////////|
2|/////////|
3|/////////|
4|/////////|
5|//////111|
6|////112.1|
7|////1.211|
8|////111//|
9|/////////|
-|---------|
Congratulations! You found all the mines!
?[1;31m
Start test 35?[0m
How many mines do you want on the field?
> 2
[[7, 2], [7, 7]]
 |123456789|
-|---------|
1|.........|
2|.........|
3|.........|
4|.........|
5|.........|
6|.........|
7|.........|
8|.........|
9|.........|
-|---------|
Set/unset mines marks or claim a cell as free:
> 1 7 mine
 |123456789|
-|---------|
1|.........|
2|.........|
3|.........|
4|.........|
5|.........|
6|.........|
7|*........|
8|.........|
9|.........|
-|---------|
Set/unset mines marks or claim a cell as free:
> 2 1 free
 |123456789|
-|---------|
1|/////1.1/|
2|/////1.1/|
3|/////111/|
4|/////////|
5|/////////|
6|/////111/|
7|/////1.1/|
8|/////111/|
9|/////////|
-|---------|
Set/unset mines marks or claim a cell as free:
> 7 7 mine
 |123456789|
-|---------|
1|/////1.1/|
2|/////1.1/|
3|/////111/|
4|/////////|
5|/////////|
6|/////111/|
7|/////1*1/|
8|/////111/|
9|/////////|
-|---------|
Set/unset mines marks or claim a cell as free:
> 7 1 free
 |123456789|
-|---------|
1|/////111/|
2|/////1.1/|
3|/////111/|
4|/////////|
5|/////////|
6|/////111/|
7|/////1*1/|
8|/////111/|
9|/////////|
-|---------|
Congratulations! You found all the mines!
?[1;31m
Start test 36?[0m
How many mines do you want on the field?
> 2
[[4, 8], [3, 1]]
 |123456789|
-|---------|
1|.........|
2|.........|
3|.........|
4|.........|
5|.........|
6|.........|
7|.........|
8|.........|
9|.........|
-|---------|
Set/unset mines marks or claim a cell as free:
> 1 5 free
 |123456789|
-|---------|
1|/1.1/////|
2|/111/////|
3|/////////|
4|/////////|
5|/////////|
6|/////////|
7|//111////|
8|//1.1////|
9|//1.1////|
-|---------|
Set/unset mines marks or claim a cell as free:
> 4 8 free
 |123456789|
-|---------|
1|/1X1/////|
2|/111/////|
3|/////////|
4|/////////|
5|/////////|
6|/////////|
7|//111////|
8|//1X1////|
9|//1.1////|
-|---------|
You stepped on a mine and failed!
?[1;31m
Start test 37?[0m
How many mines do you want on the field?
> 2
[[6, 6], [6, 2]]
 |123456789|
-|---------|
1|.........|
2|.........|
3|.........|
4|.........|
5|.........|
6|.........|
7|.........|
8|.........|
9|.........|
-|---------|
Set/unset mines marks or claim a cell as free:
> 5 7 free
 |123456789|
-|---------|
1|.........|
2|.........|
3|.........|
4|.........|
5|.........|
6|.........|
7|....1....|
8|.........|
9|.........|
-|---------|
Set/unset mines marks or claim a cell as free:
> 7 9 free
 |123456789|
-|---------|
1|////1.1//|
2|////1.1//|
3|////111//|
4|/////////|
5|////111//|
6|////1.1//|
7|////111//|
8|/////////|
9|/////////|
-|---------|
Set/unset mines marks or claim a cell as free:
> 6 6 mine
 |123456789|
-|---------|
1|////1.1//|
2|////1.1//|
3|////111//|
4|/////////|
5|////111//|
6|////1*1//|
7|////111//|
8|/////////|
9|/////////|
-|---------|
Set/unset mines marks or claim a cell as free:
> 6 2 mine
 |123456789|
-|---------|
1|////1.1//|
2|////1*1//|
3|////111//|
4|/////////|
5|////111//|
6|////1*1//|
7|////111//|
8|/////////|
9|/////////|
-|---------|
Congratulations! You found all the mines!
?[1;31m
Start test 38?[0m
How many mines do you want on the field?
> 2
[[1, 8], [3, 6]]
 |123456789|
-|---------|
1|.........|
2|.........|
3|.........|
4|.........|
5|.........|
6|.........|
7|.........|
8|.........|
9|.........|
-|---------|
Set/unset mines marks or claim a cell as free:
> 7 9 free
 |123456789|
-|---------|
1|/////////|
2|/////////|
3|/////////|
4|/////////|
5|/111/////|
6|/1.1/////|
7|1211/////|
8|.1///////|
9|.1///////|
-|---------|
Set/unset mines marks or claim a cell as free:
> 1 9 free
 |123456789|
-|---------|
1|/////////|
2|/////////|
3|/////////|
4|/////////|
5|/111/////|
6|/1.1/////|
7|1211/////|
8|.1///////|
9|11///////|
-|---------|
Congratulations! You found all the mines!
?[1;31m
Start test 39?[0m
How many mines do you want on the field?
> 2
[[3, 4], [7, 7]]
 |123456789|
-|---------|
1|.........|
2|.........|
3|.........|
4|.........|
5|.........|
6|.........|
7|.........|
8|.........|
9|.........|
-|---------|
Set/unset mines marks or claim a cell as free:
> 6 5 free
 |123456789|
-|---------|
1|/////////|
2|/////////|
3|/111/////|
4|/1.1/////|
5|/111/////|
6|/////111/|
7|/////1.1/|
8|/////111/|
9|/////////|
-|---------|
Congratulations! You found all the mines!
?[1;31m
Start test 40?[0m
How many mines do you want on the field?
> 2
[[2, 4], [8, 5]]
 |123456789|
-|---------|
1|.........|
2|.........|
3|.........|
4|.........|
5|.........|
6|.........|
7|.........|
8|.........|
9|.........|
-|---------|
Set/unset mines marks or claim a cell as free:
> 3 8 free
 |123456789|
-|---------|
1|/////////|
2|/////////|
3|111//////|
4|..1///111|
5|111///1..|
6|//////111|
7|/////////|
8|/////////|
9|/////////|
-|---------|
Set/unset mines marks or claim a cell as free:
> 9 5 free
 |123456789|
-|---------|
1|/////////|
2|/////////|
3|111//////|
4|..1///111|
5|111///1.1|
6|//////111|
7|/////////|
8|/////////|
9|/////////|
-|---------|
Set/unset mines marks or claim a cell as free:
> 2 4 mine
 |123456789|
-|---------|
1|/////////|
2|/////////|
3|111//////|
4|.*1///111|
5|111///1.1|
6|//////111|
7|/////////|
8|/////////|
9|/////////|
-|---------|
Set/unset mines marks or claim a cell as free:
> 2 4 mine
 |123456789|
-|---------|
1|/////////|
2|/////////|
3|111//////|
4|..1///111|
5|111///1.1|
6|//////111|
7|/////////|
8|/////////|
9|/////////|
-|---------|
Set/unset mines marks or claim a cell as free:
> 1 4 mine
 |123456789|
-|---------|
1|/////////|
2|/////////|
3|111//////|
4|*.1///111|
5|111///1.1|
6|//////111|
7|/////////|
8|/////////|
9|/////////|
-|---------|
Set/unset mines marks or claim a cell as free:
> 2 4 mine
 |123456789|
-|---------|
1|/////////|
2|/////////|
3|111//////|
4|**1///111|
5|111///1.1|
6|//////111|
7|/////////|
8|/////////|
9|/////////|
-|---------|
Set/unset mines marks or claim a cell as free:
> 8 5 mine
 |123456789|
-|---------|
1|/////////|
2|/////////|
3|111//////|
4|**1///111|
5|111///1*1|
6|//////111|
7|/////////|
8|/////////|
9|/////////|
-|---------|
Set/unset mines marks or claim a cell as free:
> 8 5 mine
 |123456789|
-|---------|
1|/////////|
2|/////////|
3|111//////|
4|**1///111|
5|111///1.1|
6|//////111|
7|/////////|
8|/////////|
9|/////////|
-|---------|
Set/unset mines marks or claim a cell as free:
> 8 5 free
 |123456789|
-|---------|
1|/////////|
2|/////////|
3|111//////|
4|*X1///111|
5|111///1X1|
6|//////111|
7|/////////|
8|/////////|
9|/////////|
-|---------|
You stepped on a mine and failed!
?[1;31m
Start test 41?[0m
How many mines do you want on the field?
> 3
[[1, 6], [8, 8], [6, 9]]
 |123456789|
-|---------|
1|.........|
2|.........|
3|.........|
4|.........|
5|.........|
6|.........|
7|.........|
8|.........|
9|.........|
-|---------|
Set/unset mines marks or claim a cell as free:
> 3 2 free
 |123456789|
-|---------|
1|/////////|
2|/////////|
3|/////////|
4|/////////|
5|11///////|
6|.1///////|
7|11////111|
8|////112..|
9|////1....|
-|---------|
Set/unset mines marks or claim a cell as free:
> 1 6 free
 |123456789|
-|---------|
1|/////////|
2|/////////|
3|/////////|
4|/////////|
5|11///////|
6|X1///////|
7|11////111|
8|////112X.|
9|////1X...|
-|---------|
You stepped on a mine and failed!
?[1;31m
Start test 42?[0m
How many mines do you want on the field?
> 3
[[1, 6], [5, 1], [3, 5]]
 |123456789|
-|---------|
1|.........|
2|.........|
3|.........|
4|.........|
5|.........|
6|.........|
7|.........|
8|.........|
9|.........|
-|---------|
Set/unset mines marks or claim a cell as free:
> 2 9 free
 |123456789|
-|---------|
1|///1.1///|
2|///111///|
3|/////////|
4|/111/////|
5|12.1/////|
6|.211/////|
7|11///////|
8|/////////|
9|/////////|
-|---------|
Congratulations! You found all the mines!
?[1;31m
Start test 43?[0m
How many mines do you want on the field?
> 3
[[7, 6], [8, 1], [3, 8]]
 |123456789|
-|---------|
1|.........|
2|.........|
3|.........|
4|.........|
5|.........|
6|.........|
7|.........|
8|.........|
9|.........|
-|---------|
Set/unset mines marks or claim a cell as free:
> 2 8 free
 |123456789|
-|---------|
1|.........|
2|.........|
3|.........|
4|.........|
5|.........|
6|.........|
7|.........|
8|.1.......|
9|.........|
-|---------|
Set/unset mines marks or claim a cell as free:
> 1 5 free
 |123456789|
-|---------|
1|//////1..|
2|//////111|
3|/////////|
4|/////////|
5|/////111/|
6|/////1.1/|
7|/111/111/|
8|/1.1/////|
9|/1.1/////|
-|---------|
Set/unset mines marks or claim a cell as free:
> 8 1 mine
 |123456789|
-|---------|
1|//////1*.|
2|//////111|
3|/////////|
4|/////////|
5|/////111/|
6|/////1.1/|
7|/111/111/|
8|/1.1/////|
9|/1.1/////|
-|---------|
Set/unset mines marks or claim a cell as free:
> 3 8 mine
 |123456789|
-|---------|
1|//////1*.|
2|//////111|
3|/////////|
4|/////////|
5|/////111/|
6|/////1.1/|
7|/111/111/|
8|/1*1/////|
9|/1.1/////|
-|---------|
Set/unset mines marks or claim a cell as free:
> 9 1 mine
 |123456789|
-|---------|
1|//////1**|
2|//////111|
3|/////////|
4|/////////|
5|/////111/|
6|/////1.1/|
7|/111/111/|
8|/1*1/////|
9|/1.1/////|
-|---------|
Set/unset mines marks or claim a cell as free:
> 3 9 mine
 |123456789|
-|---------|
1|//////1**|
2|//////111|
3|/////////|
4|/////////|
5|/////111/|
6|/////1.1/|
7|/111/111/|
8|/1*1/////|
9|/1*1/////|
-|---------|
Set/unset mines marks or claim a cell as free:
> 7 6 mine
 |123456789|
-|---------|
1|//////1**|
2|//////111|
3|/////////|
4|/////////|
5|/////111/|
6|/////1*1/|
7|/111/111/|
8|/1*1/////|
9|/1*1/////|
-|---------|
Set/unset mines marks or claim a cell as free:
> 8 1 mine
 |123456789|
-|---------|
1|//////1.*|
2|//////111|
3|/////////|
4|/////////|
5|/////111/|
6|/////1*1/|
7|/111/111/|
8|/1*1/////|
9|/1*1/////|
-|---------|
Set/unset mines marks or claim a cell as free:
> 3 9 mine
 |123456789|
-|---------|
1|//////1.*|
2|//////111|
3|/////////|
4|/////////|
5|/////111/|
6|/////1*1/|
7|/111/111/|
8|/1*1/////|
9|/1.1/////|
-|---------|
Set/unset mines marks or claim a cell as free:
> 7 6 mine
 |123456789|
-|---------|
1|//////1.*|
2|//////111|
3|/////////|
4|/////////|
5|/////111/|
6|/////1.1/|
7|/111/111/|
8|/1*1/////|
9|/1.1/////|
-|---------|
Set/unset mines marks or claim a cell as free:
> 3 9 free
 |123456789|
-|---------|
1|//////1.*|
2|//////111|
3|/////////|
4|/////////|
5|/////111/|
6|/////1.1/|
7|/111/111/|
8|/1*1/////|
9|/111/////|
-|---------|
Set/unset mines marks or claim a cell as free:
> 7 6 free
 |123456789|
-|---------|
1|//////1X*|
2|//////111|
3|/////////|
4|/////////|
5|/////111/|
6|/////1X1/|
7|/111/111/|
8|/1X1/////|
9|/111/////|
-|---------|
You stepped on a mine and failed!
?[1;31m
Start test 44?[0m
How many mines do you want on the field?
> 3
[[8, 6], [9, 8], [5, 3]]
 |123456789|
-|---------|
1|.........|
2|.........|
3|.........|
4|.........|
5|.........|
6|.........|
7|.........|
8|.........|
9|.........|
-|---------|
Set/unset mines marks or claim a cell as free:
> 2 2 mine
 |123456789|
-|---------|
1|.........|
2|.*.......|
3|.........|
4|.........|
5|.........|
6|.........|
7|.........|
8|.........|
9|.........|
-|---------|
Set/unset mines marks or claim a cell as free:
> 5 3 free
 |123456789|
-|---------|
1|.........|
2|.*.......|
3|....X....|
4|.........|
5|.........|
6|.......X.|
7|.........|
8|........X|
9|.........|
-|---------|
You stepped on a mine and failed!
?[1;31m
Start test 45?[0m
How many mines do you want on the field?
> 3
[[3, 3], [3, 6], [5, 4]]
 |123456789|
-|---------|
1|.........|
2|.........|
3|.........|
4|.........|
5|.........|
6|.........|
7|.........|
8|.........|
9|.........|
-|---------|
Set/unset mines marks or claim a cell as free:
> 9 8 free
 |123456789|
-|---------|
1|/////////|
2|/111/////|
3|/1.211///|
4|/1...1///|
5|/1.211///|
6|/1.1/////|
7|/111/////|
8|/////////|
9|/////////|
-|---------|
Set/unset mines marks or claim a cell as free:
> 4 4 free
 |123456789|
-|---------|
1|/////////|
2|/111/////|
3|/1.211///|
4|/1.2.1///|
5|/1.211///|
6|/1.1/////|
7|/111/////|
8|/////////|
9|/////////|
-|---------|
Set/unset mines marks or claim a cell as free:
> 3 6 mine
 |123456789|
-|---------|
1|/////////|
2|/111/////|
3|/1.211///|
4|/1.2.1///|
5|/1.211///|
6|/1*1/////|
7|/111/////|
8|/////////|
9|/////////|
-|---------|
Set/unset mines marks or claim a cell as free:
> 3 5 mine
 |123456789|
-|---------|
1|/////////|
2|/111/////|
3|/1.211///|
4|/1.2.1///|
5|/1*211///|
6|/1*1/////|
7|/111/////|
8|/////////|
9|/////////|
-|---------|
Set/unset mines marks or claim a cell as free:
> 3 4 free
 |123456789|
-|---------|
1|/////////|
2|/111/////|
3|/1.211///|
4|/112.1///|
5|/1*211///|
6|/1*1/////|
7|/111/////|
8|/////////|
9|/////////|
-|---------|
Set/unset mines marks or claim a cell as free:
> 3 3 free
 |123456789|
-|---------|
1|/////////|
2|/111/////|
3|/1X211///|
4|/112X1///|
5|/1*211///|
6|/1X1/////|
7|/111/////|
8|/////////|
9|/////////|
-|---------|
You stepped on a mine and failed!
?[1;31m
Start test 46?[0m
How many mines do you want on the field?
> 3
[[8, 2], [4, 4], [4, 7]]
 |123456789|
-|---------|
1|.........|
2|.........|
3|.........|
4|.........|
5|.........|
6|.........|
7|.........|
8|.........|
9|.........|
-|---------|
Set/unset mines marks or claim a cell as free:
> 7 7 free
 |123456789|
-|---------|
1|//////1..|
2|//////1..|
3|//111/111|
4|//1.1////|
5|//1.1////|
6|//1.1////|
7|//1.1////|
8|//111////|
9|/////////|
-|---------|
Set/unset mines marks or claim a cell as free:
> 4 4 free
 |123456789|
-|---------|
1|//////1..|
2|//////1X.|
3|//111/111|
4|//1X1////|
5|//1.1////|
6|//1.1////|
7|//1X1////|
8|//111////|
9|/////////|
-|---------|
You stepped on a mine and failed!
?[1;31m
Start test 47?[0m
How many mines do you want on the field?
> 3
[[3, 3], [8, 6], [4, 1]]
 |123456789|
-|---------|
1|.........|
2|.........|
3|.........|
4|.........|
5|.........|
6|.........|
7|.........|
8|.........|
9|.........|
-|---------|
Set/unset mines marks or claim a cell as free:
> 8 1 free
 |123456789|
-|---------|
1|//1.1////|
2|/1221////|
3|/1.1/////|
4|/111/////|
5|//////111|
6|//////1..|
7|//////111|
8|/////////|
9|/////////|
-|---------|
Set/unset mines marks or claim a cell as free:
> 8 6 free
 |123456789|
-|---------|
1|//1X1////|
2|/1221////|
3|/1X1/////|
4|/111/////|
5|//////111|
6|//////1X.|
7|//////111|
8|/////////|
9|/////////|
-|---------|
You stepped on a mine and failed!
?[1;31m
Start test 48?[0m
How many mines do you want on the field?
> 3
[[2, 5], [2, 6], [6, 4]]
 |123456789|
-|---------|
1|.........|
2|.........|
3|.........|
4|.........|
5|.........|
6|.........|
7|.........|
8|.........|
9|.........|
-|---------|
Set/unset mines marks or claim a cell as free:
> 3 8 free
 |123456789|
-|---------|
1|/////////|
2|/////////|
3|////111//|
4|111/1.1//|
5|..2/111//|
6|..2//////|
7|111//////|
8|/////////|
9|/////////|
-|---------|
Set/unset mines marks or claim a cell as free:
> 6 4 free
 |123456789|
-|---------|
1|/////////|
2|/////////|
3|////111//|
4|111/1X1//|
5|.X2/111//|
6|.X2//////|
7|111//////|
8|/////////|
9|/////////|
-|---------|
You stepped on a mine and failed!
?[1;31m
Start test 49?[0m
How many mines do you want on the field?
> 3
[[5, 8], [2, 2], [7, 7]]
 |123456789|
-|---------|
1|.........|
2|.........|
3|.........|
4|.........|
5|.........|
6|.........|
7|.........|
8|.........|
9|.........|
-|---------|
Set/unset mines marks or claim a cell as free:
> 4 3 free
 |123456789|
-|---------|
1|..1//////|
2|..1//////|
3|111//////|
4|/////////|
5|/////////|
6|/////111/|
7|///112.1/|
8|///1.211/|
9|///1.1///|
-|---------|
Set/unset mines marks or claim a cell as free:
> 5 9 free
 |123456789|
-|---------|
1|..1//////|
2|..1//////|
3|111//////|
4|/////////|
5|/////////|
6|/////111/|
7|///112.1/|
8|///1.211/|
9|///111///|
-|---------|
Set/unset mines marks or claim a cell as free:
> 1 1 mine
 |123456789|
-|---------|
1|*.1//////|
2|..1//////|
3|111//////|
4|/////////|
5|/////////|
6|/////111/|
7|///112.1/|
8|///1.211/|
9|///111///|
-|---------|
Set/unset mines marks or claim a cell as free:
> 7 7 mine
 |123456789|
-|---------|
1|*.1//////|
2|..1//////|
3|111//////|
4|/////////|
5|/////////|
6|/////111/|
7|///112*1/|
8|///1.211/|
9|///111///|
-|---------|
Set/unset mines marks or claim a cell as free:
> 1 2 free
 |123456789|
-|---------|
1|*.1//////|
2|1.1//////|
3|111//////|
4|/////////|
5|/////////|
6|/////111/|
7|///112*1/|
8|///1.211/|
9|///111///|
-|---------|
Set/unset mines marks or claim a cell as free:
> 5 8 free
 |123456789|
-|---------|
1|*.1//////|
2|1X1//////|
3|111//////|
4|/////////|
5|/////////|
6|/////111/|
7|///112X1/|
8|///1X211/|
9|///111///|
-|---------|
You stepped on a mine and failed!
?[1;31m
Start test 50?[0m
How many mines do you want on the field?
> 3
[[5, 8], [3, 7], [2, 1]]
 |123456789|
-|---------|
1|.........|
2|.........|
3|.........|
4|.........|
5|.........|
6|.........|
7|.........|
8|.........|
9|.........|
-|---------|
Set/unset mines marks or claim a cell as free:
> 9 9 mine
 |123456789|
-|---------|
1|.........|
2|.........|
3|.........|
4|.........|
5|.........|
6|.........|
7|.........|
8|.........|
9|........*|
-|---------|
Set/unset mines marks or claim a cell as free:
> 1 4 mine
 |123456789|
-|---------|
1|.........|
2|.........|
3|.........|
4|*........|
5|.........|
6|.........|
7|.........|
8|.........|
9|........*|
-|---------|
Set/unset mines marks or claim a cell as free:
> 2 2 mine
 |123456789|
-|---------|
1|.........|
2|.*.......|
3|.........|
4|*........|
5|.........|
6|.........|
7|.........|
8|.........|
9|........*|
-|---------|
Set/unset mines marks or claim a cell as free:
> 7 3 free
 |123456789|
-|---------|
1|..1//////|
2|111//////|
3|/////////|
4|/////////|
5|/////////|
6|/111/////|
7|/1.211///|
8|/112.1///|
9|///1.1///|
-|---------|
Set/unset mines marks or claim a cell as free:
> 3 7 free
 |123456789|
-|---------|
1|.X1//////|
2|111//////|
3|/////////|
4|/////////|
5|/////////|
6|/111/////|
7|/1X211///|
8|/112X1///|
9|///1.1///|
-|---------|
You stepped on a mine and failed!
?[1;31m
Start test 51?[0m
How many mines do you want on the field?
> 3
[[5, 8], [4, 4], [6, 6]]
 |123456789|
-|---------|
1|.........|
2|.........|
3|.........|
4|.........|
5|.........|
6|.........|
7|.........|
8|.........|
9|.........|
-|---------|
Set/unset mines marks or claim a cell as free:
> 5 2 free
 |123456789|
-|---------|
1|/////////|
2|/////////|
3|//111////|
4|//1.1////|
5|//11211//|
6|////1.1//|
7|///1221//|
8|///1.1///|
9|///1.1///|
-|---------|
Set/unset mines marks or claim a cell as free:
> 5 9 free
 |123456789|
-|---------|
1|/////////|
2|/////////|
3|//111////|
4|//1.1////|
5|//11211//|
6|////1.1//|
7|///1221//|
8|///1.1///|
9|///111///|
-|---------|
Congratulations! You found all the mines!
?[1;31m
Start test 52?[0m
How many mines do you want on the field?
> 3
[[7, 2], [1, 6], [7, 4]]
 |123456789|
-|---------|
1|.........|
2|.........|
3|.........|
4|.........|
5|.........|
6|.........|
7|.........|
8|.........|
9|.........|
-|---------|
Set/unset mines marks or claim a cell as free:
> 5 9 free
 |123456789|
-|---------|
1|/////1.1/|
2|/////1.1/|
3|/////2.2/|
4|/////1.1/|
5|11///111/|
6|.1///////|
7|11///////|
8|/////////|
9|/////////|
-|---------|
Set/unset mines marks or claim a cell as free:
> 7 3 free
 |123456789|
-|---------|
1|/////1.1/|
2|/////1.1/|
3|/////222/|
4|/////1.1/|
5|11///111/|
6|.1///////|
7|11///////|
8|/////////|
9|/////////|
-|---------|
Set/unset mines marks or claim a cell as free:
> 1 6 mine
 |123456789|
-|---------|
1|/////1.1/|
2|/////1.1/|
3|/////222/|
4|/////1.1/|
5|11///111/|
6|*1///////|
7|11///////|
8|/////////|
9|/////////|
-|---------|
Set/unset mines marks or claim a cell as free:
> 7 1 mine
 |123456789|
-|---------|
1|/////1*1/|
2|/////1.1/|
3|/////222/|
4|/////1.1/|
5|11///111/|
6|*1///////|
7|11///////|
8|/////////|
9|/////////|
-|---------|
Set/unset mines marks or claim a cell as free:
> 7 4 free
 |123456789|
-|---------|
1|/////1*1/|
2|/////1X1/|
3|/////222/|
4|/////1X1/|
5|11///111/|
6|X1///////|
7|11///////|
8|/////////|
9|/////////|
-|---------|
You stepped on a mine and failed!
?[1;31m
Start test 53?[0m
How many mines do you want on the field?
> 3
[[8, 3], [2, 1], [7, 4]]
 |123456789|
-|---------|
1|.........|
2|.........|
3|.........|
4|.........|
5|.........|
6|.........|
7|.........|
8|.........|
9|.........|
-|---------|
Set/unset mines marks or claim a cell as free:
> 9 4 mine
 |123456789|
-|---------|
1|.........|
2|.........|
3|.........|
4|........*|
5|.........|
6|.........|
7|.........|
8|.........|
9|.........|
-|---------|
Set/unset mines marks or claim a cell as free:
> 7 7 free
 |123456789|
-|---------|
1|..1//////|
2|111///111|
3|/////12..|
4|/////1.21|
5|/////111/|
6|/////////|
7|/////////|
8|/////////|
9|/////////|
-|---------|
Set/unset mines marks or claim a cell as free:
> 1 1 mine
 |123456789|
-|---------|
1|*.1//////|
2|111///111|
3|/////12..|
4|/////1.21|
5|/////111/|
6|/////////|
7|/////////|
8|/////////|
9|/////////|
-|---------|
Set/unset mines marks or claim a cell as free:
> 8 3 free
 |123456789|
-|---------|
1|*X1//////|
2|111///111|
3|/////12X.|
4|/////1X21|
5|/////111/|
6|/////////|
7|/////////|
8|/////////|
9|/////////|
-|---------|
You stepped on a mine and failed!
?[1;31m
Start test 54?[0m
How many mines do you want on the field?
> 3
[[5, 2], [1, 3], [3, 8]]
 |123456789|
-|---------|
1|.........|
2|.........|
3|.........|
4|.........|
5|.........|
6|.........|
7|.........|
8|.........|
9|.........|
-|---------|
Set/unset mines marks or claim a cell as free:
> 7 7 free
 |123456789|
-|---------|
1|///1.1///|
2|11/1.1///|
3|.1/111///|
4|11///////|
5|/////////|
6|/////////|
7|/111/////|
8|/1.1/////|
9|/1.1/////|
-|---------|
Set/unset mines marks or claim a cell as free:
> 5 2 mine
 |123456789|
-|---------|
1|///1.1///|
2|11/1*1///|
3|.1/111///|
4|11///////|
5|/////////|
6|/////////|
7|/111/////|
8|/1.1/////|
9|/1.1/////|
-|---------|
Set/unset mines marks or claim a cell as free:
> 1 3 free
 |123456789|
-|---------|
1|///1.1///|
2|11/1X1///|
3|X1/111///|
4|11///////|
5|/////////|
6|/////////|
7|/111/////|
8|/1X1/////|
9|/1.1/////|
-|---------|
You stepped on a mine and failed!
?[1;31m
Start test 55?[0m
How many mines do you want on the field?
> 3
[[7, 1], [9, 6], [1, 6]]
 |123456789|
-|---------|
1|.........|
2|.........|
3|.........|
4|.........|
5|.........|
6|.........|
7|.........|
8|.........|
9|.........|
-|---------|
Set/unset mines marks or claim a cell as free:
> 1 3 free
 |123456789|
-|---------|
1|/////1.1/|
2|/////111/|
3|/////////|
4|/////////|
5|11/////11|
6|.1/////1.|
7|11/////11|
8|/////////|
9|/////////|
-|---------|
Congratulations! You found all the mines!
?[1;31m
Start test 56?[0m
How many mines do you want on the field?
> 3
[[7, 7], [6, 9], [3, 5]]
 |123456789|
-|---------|
1|.........|
2|.........|
3|.........|
4|.........|
5|.........|
6|.........|
7|.........|
8|.........|
9|.........|
-|---------|
Set/unset mines marks or claim a cell as free:
> 3 4 mine
 |123456789|
-|---------|
1|.........|
2|.........|
3|.........|
4|..*......|
5|.........|
6|.........|
7|.........|
8|.........|
9|.........|
-|---------|
Set/unset mines marks or claim a cell as free:
> 9 7 mine
 |123456789|
-|---------|
1|.........|
2|.........|
3|.........|
4|..*......|
5|.........|
6|.........|
7|........*|
8|.........|
9|.........|
-|---------|
Set/unset mines marks or claim a cell as free:
> 9 7 mine
 |123456789|
-|---------|
1|.........|
2|.........|
3|.........|
4|..*......|
5|.........|
6|.........|
7|.........|
8|.........|
9|.........|
-|---------|
Set/unset mines marks or claim a cell as free:
> 3 4 mine
 |123456789|
-|---------|
1|.........|
2|.........|
3|.........|
4|.........|
5|.........|
6|.........|
7|.........|
8|.........|
9|.........|
-|---------|
Set/unset mines marks or claim a cell as free:
> 5 2 free
 |123456789|
-|---------|
1|/////////|
2|/////////|
3|/////////|
4|/111/////|
5|/1.1/////|
6|/111/111/|
7|/////1.1/|
8|////1221/|
9|////1.1//|
-|---------|
Congratulations! You found all the mines!
?[1;31m
Start test 57?[0m
How many mines do you want on the field?
> 3
[[2, 6], [7, 7], [2, 4]]
 |123456789|
-|---------|
1|.........|
2|.........|
3|.........|
4|.........|
5|.........|
6|.........|
7|.........|
8|.........|
9|.........|
-|---------|
Set/unset mines marks or claim a cell as free:
> 2 2 free
 |123456789|
-|---------|
1|/////////|
2|/////////|
3|111//////|
4|..1//////|
5|..2//////|
6|..1//111/|
7|111//1.1/|
8|/////111/|
9|/////////|
-|---------|
Set/unset mines marks or claim a cell as free:
> 2 5 free
 |123456789|
-|---------|
1|/////////|
2|/////////|
3|111//////|
4|..1//////|
5|.22//////|
6|..1//111/|
7|111//1.1/|
8|/////111/|
9|/////////|
-|---------|
Set/unset mines marks or claim a cell as free:
> 2 4 mine
 |123456789|
-|---------|
1|/////////|
2|/////////|
3|111//////|
4|.*1//////|
5|.22//////|
6|..1//111/|
7|111//1.1/|
8|/////111/|
9|/////////|
-|---------|
Set/unset mines marks or claim a cell as free:
> 2 4 mine
 |123456789|
-|---------|
1|/////////|
2|/////////|
3|111//////|
4|..1//////|
5|.22//////|
6|..1//111/|
7|111//1.1/|
8|/////111/|
9|/////////|
-|---------|
Set/unset mines marks or claim a cell as free:
> 7 7 mine
 |123456789|
-|---------|
1|/////////|
2|/////////|
3|111//////|
4|..1//////|
5|.22//////|
6|..1//111/|
7|111//1*1/|
8|/////111/|
9|/////////|
-|---------|
Set/unset mines marks or claim a cell as free:
> 1 4 free
 |123456789|
-|---------|
1|/////////|
2|/////////|
3|111//////|
4|1.1//////|
5|.22//////|
6|..1//111/|
7|111//1*1/|
8|/////111/|
9|/////////|
-|---------|
Set/unset mines marks or claim a cell as free:
> 2 6 free
 |123456789|
-|---------|
1|/////////|
2|/////////|
3|111//////|
4|1X1//////|
5|.22//////|
6|.X1//111/|
7|111//1X1/|
8|/////111/|
9|/////////|
-|---------|
You stepped on a mine and failed!
?[1;31m
Start test 58?[0m
How many mines do you want on the field?
> 3
[[9, 1], [7, 4], [9, 9]]
 |123456789|
-|---------|
1|.........|
2|.........|
3|.........|
4|.........|
5|.........|
6|.........|
7|.........|
8|.........|
9|.........|
-|---------|
Set/unset mines marks or claim a cell as free:
> 9 4 free
 |123456789|
-|---------|
1|///////1.|
2|///////11|
3|/////111/|
4|/////1.1/|
5|/////111/|
6|/////////|
7|/////////|
8|///////11|
9|///////1.|
-|---------|
Congratulations! You found all the mines!
?[1;31m
Start test 59?[0m
How many mines do you want on the field?
> 3
[[9, 1], [7, 3], [4, 4]]
 |123456789|
-|---------|
1|.........|
2|.........|
3|.........|
4|.........|
5|.........|
6|.........|
7|.........|
8|.........|
9|.........|
-|---------|
Set/unset mines marks or claim a cell as free:
> 1 4 mine
 |123456789|
-|---------|
1|.........|
2|.........|
3|.........|
4|*........|
5|.........|
6|.........|
7|.........|
8|.........|
9|.........|
-|---------|
Set/unset mines marks or claim a cell as free:
> 5 5 free
 |123456789|
-|---------|
1|.........|
2|.........|
3|.........|
4|*........|
5|....1....|
6|.........|
7|.........|
8|.........|
9|.........|
-|---------|
Set/unset mines marks or claim a cell as free:
> 2 8 mine
 |123456789|
-|---------|
1|.........|
2|.........|
3|.........|
4|*........|
5|....1....|
6|.........|
7|.........|
8|.*.......|
9|.........|
-|---------|
Set/unset mines marks or claim a cell as free:
> 7 6 free
 |123456789|
-|---------|
1|///////1.|
2|/////1121|
3|//1111.1/|
4|//1.1111/|
5|//111////|
6|/////////|
7|/////////|
8|/////////|
9|/////////|
-|---------|
Congratulations! You found all the mines!
?[1;31m
Start test 60?[0m
How many mines do you want on the field?
> 3
[[2, 6], [1, 7], [8, 2]]
 |123456789|
-|---------|
1|.........|
2|.........|
3|.........|
4|.........|
5|.........|
6|.........|
7|.........|
8|.........|
9|.........|
-|---------|
Set/unset mines marks or claim a cell as free:
> 9 4 free
 |123456789|
-|---------|
1|//////1..|
2|//////1..|
3|//////111|
4|/////////|
5|111//////|
6|..1//////|
7|.21//////|
8|11///////|
9|/////////|
-|---------|
Set/unset mines marks or claim a cell as free:
> 9 1 mine
 |123456789|
-|---------|
1|//////1.*|
2|//////1..|
3|//////111|
4|/////////|
5|111//////|
6|..1//////|
7|.21//////|
8|11///////|
9|/////////|
-|---------|
Set/unset mines marks or claim a cell as free:
> 2 6 free
 |123456789|
-|---------|
1|//////1.*|
2|//////1X.|
3|//////111|
4|/////////|
5|111//////|
6|.X1//////|
7|X21//////|
8|11///////|
9|/////////|
-|---------|
You stepped on a mine and failed!
?[1;31m
Start test 61?[0m
How many mines do you want on the field?
> 4
[[6, 5], [7, 8], [5, 2], [6, 4]]
 |123456789|
-|---------|
1|.........|
2|.........|
3|.........|
4|.........|
5|.........|
6|.........|
7|.........|
8|.........|
9|.........|
-|---------|
Set/unset mines marks or claim a cell as free:
> 3 1 mine
 |123456789|
-|---------|
1|..*......|
2|.........|
3|.........|
4|.........|
5|.........|
6|.........|
7|.........|
8|.........|
9|.........|
-|---------|
Set/unset mines marks or claim a cell as free:
> 3 1 mine
 |123456789|
-|---------|
1|.........|
2|.........|
3|.........|
4|.........|
5|.........|
6|.........|
7|.........|
8|.........|
9|.........|
-|---------|
Set/unset mines marks or claim a cell as free:
> 9 8 free
 |123456789|
-|---------|
1|.....1///|
2|.....1///|
3|.....21//|
4|......2//|
5|......2//|
6|......1//|
7|......11/|
8|.......1/|
9|.......1/|
-|---------|
Set/unset mines marks or claim a cell as free:
> 2 2 free
 |123456789|
-|---------|
1|///1.1///|
2|///1.1///|
3|///1221//|
4|////2.2//|
5|////2.2//|
6|////111//|
7|/////111/|
8|/////1.1/|
9|/////1.1/|
-|---------|
Set/unset mines marks or claim a cell as free:
> 5 2 free
 |123456789|
-|---------|
1|///1.1///|
2|///1X1///|
3|///1221//|
4|////2X2//|
5|////2X2//|
6|////111//|
7|/////111/|
8|/////1X1/|
9|/////1.1/|
-|---------|
You stepped on a mine and failed!
?[1;31m
Start test 62?[0m
How many mines do you want on the field?
> 4
[[9, 5], [7, 1], [4, 7], [1, 7]]
 |123456789|
-|---------|
1|.........|
2|.........|
3|.........|
4|.........|
5|.........|
6|.........|
7|.........|
8|.........|
9|.........|
-|---------|
Set/unset mines marks or claim a cell as free:
> 2 8 free
 |123456789|
-|---------|
1|.........|
2|.........|
3|.........|
4|.........|
5|.........|
6|.........|
7|.........|
8|.1.......|
9|.........|
-|---------|
Set/unset mines marks or claim a cell as free:
> 6 9 free
 |123456789|
-|---------|
1|/////1.1/|
2|/////111/|
3|/////////|
4|///////11|
5|///////1.|
6|11111//11|
7|....1////|
8|11111////|
9|/////////|
-|---------|
Set/unset mines marks or claim a cell as free:
> 4 7 free
 |123456789|
-|---------|
1|/////1X1/|
2|/////111/|
3|/////////|
4|///////11|
5|///////1X|
6|11111//11|
7|X..X1////|
8|11111////|
9|/////////|
-|---------|
You stepped on a mine and failed!
?[1;31m
Start test 63?[0m
How many mines do you want on the field?
> 4
[[2, 5], [3, 8], [4, 1], [8, 4]]
 |123456789|
-|---------|
1|.........|
2|.........|
3|.........|
4|.........|
5|.........|
6|.........|
7|.........|
8|.........|
9|.........|
-|---------|
Set/unset mines marks or claim a cell as free:
> 9 2 mine
 |123456789|
-|---------|
1|.........|
2|........*|
3|.........|
4|.........|
5|.........|
6|.........|
7|.........|
8|.........|
9|.........|
-|---------|
Set/unset mines marks or claim a cell as free:
> 7 4 mine
 |123456789|
-|---------|
1|.........|
2|........*|
3|.........|
4|......*..|
5|.........|
6|.........|
7|.........|
8|.........|
9|.........|
-|---------|
Set/unset mines marks or claim a cell as free:
> 8 3 free
 |123456789|
-|---------|
1|.........|
2|........*|
3|.......1.|
4|......*..|
5|.........|
6|.........|
7|.........|
8|.........|
9|.........|
-|---------|
Set/unset mines marks or claim a cell as free:
> 9 2 mine
 |123456789|
-|---------|
1|.........|
2|.........|
3|.......1.|
4|......*..|
5|.........|
6|.........|
7|.........|
8|.........|
9|.........|
-|---------|
Set/unset mines marks or claim a cell as free:
> 3 1 free
 |123456789|
-|---------|
1|..1......|
2|.........|
3|.......1.|
4|......*..|
5|.........|
6|.........|
7|.........|
8|.........|
9|.........|
-|---------|
Set/unset mines marks or claim a cell as free:
> 7 4 mine
 |123456789|
-|---------|
1|..1......|
2|.........|
3|.......1.|
4|.........|
5|.........|
6|.........|
7|.........|
8|.........|
9|.........|
-|---------|
Set/unset mines marks or claim a cell as free:
> 5 9 free
 |123456789|
-|---------|
1|//1.1////|
2|//111////|
3|//////111|
4|111///1..|
5|..1///111|
6|..1//////|
7|..11/////|
8|...1/////|
9|...1/////|
-|---------|
Set/unset mines marks or claim a cell as free:
> 2 5 free
 |123456789|
-|---------|
1|//1X1////|
2|//111////|
3|//////111|
4|111///1X.|
5|.X1///111|
6|..1//////|
7|..11/////|
8|..X1/////|
9|...1/////|
-|---------|
You stepped on a mine and failed!
?[1;31m
Start test 64?[0m
How many mines do you want on the field?
> 4
[[1, 3], [1, 5], [6, 2], [2, 2]]
 |123456789|
-|---------|
1|.........|
2|.........|
3|.........|
4|.........|
5|.........|
6|.........|
7|.........|
8|.........|
9|.........|
-|---------|
Set/unset mines marks or claim a cell as free:
> 6 9 free
 |123456789|
-|---------|
1|..1/1.1//|
2|..1/1.1//|
3|.21/111//|
4|.2///////|
5|.1///////|
6|11///////|
7|/////////|
8|/////////|
9|/////////|
-|---------|
Set/unset mines marks or claim a cell as free:
> 1 2 mine
 |123456789|
-|---------|
1|..1/1.1//|
2|*.1/1.1//|
3|.21/111//|
4|.2///////|
5|.1///////|
6|11///////|
7|/////////|
8|/////////|
9|/////////|
-|---------|
Set/unset mines marks or claim a cell as free:
> 2 2 free
 |123456789|
-|---------|
1|..1/1.1//|
2|*X1/1X1//|
3|X21/111//|
4|.2///////|
5|X1///////|
6|11///////|
7|/////////|
8|/////////|
9|/////////|
-|---------|
You stepped on a mine and failed!
?[1;31m
Start test 65?[0m
How many mines do you want on the field?
> 4
[[9, 8], [8, 1], [6, 9], [5, 3]]
 |123456789|
-|---------|
1|.........|
2|.........|
3|.........|
4|.........|
5|.........|
6|.........|
7|.........|
8|.........|
9|.........|
-|---------|
Set/unset mines marks or claim a cell as free:
> 6 5 mine
 |123456789|
-|---------|
1|.........|
2|.........|
3|.........|
4|.........|
5|.....*...|
6|.........|
7|.........|
8|.........|
9|.........|
-|---------|
Set/unset mines marks or claim a cell as free:
> 5 2 mine
 |123456789|
-|---------|
1|.........|
2|....*....|
3|.........|
4|.........|
5|.....*...|
6|.........|
7|.........|
8|.........|
9|.........|
-|---------|
Set/unset mines marks or claim a cell as free:
> 9 2 free
 |123456789|
-|---------|
1|.........|
2|....*...1|
3|.........|
4|.........|
5|.....*...|
6|.........|
7|.........|
8|.........|
9|.........|
-|---------|
Set/unset mines marks or claim a cell as free:
> 7 6 free
 |123456789|
-|---------|
1|//////1..|
2|///111111|
3|///1.1///|
4|///111///|
5|/////////|
6|/////////|
7|///////11|
8|////1111.|
9|////1....|
-|---------|
Set/unset mines marks or claim a cell as free:
> 8 1 free
 |123456789|
-|---------|
1|//////1X.|
2|///111111|
3|///1X1///|
4|///111///|
5|/////////|
6|/////////|
7|///////11|
8|////1111X|
9|////1X...|
-|---------|
You stepped on a mine and failed!
?[1;31m
Start test 66?[0m
How many mines do you want on the field?
> 4
[[2, 7], [7, 8], [3, 7], [8, 5]]
 |123456789|
-|---------|
1|.........|
2|.........|
3|.........|
4|.........|
5|.........|
6|.........|
7|.........|
8|.........|
9|.........|
-|---------|
Set/unset mines marks or claim a cell as free:
> 7 7 mine
 |123456789|
-|---------|
1|.........|
2|.........|
3|.........|
4|.........|
5|.........|
6|.........|
7|......*..|
8|.........|
9|.........|
-|---------|
Set/unset mines marks or claim a cell as free:
> 7 7 mine
 |123456789|
-|---------|
1|.........|
2|.........|
3|.........|
4|.........|
5|.........|
6|.........|
7|.........|
8|.........|
9|.........|
-|---------|
Set/unset mines marks or claim a cell as free:
> 1 9 mine
 |123456789|
-|---------|
1|.........|
2|.........|
3|.........|
4|.........|
5|.........|
6|.........|
7|.........|
8|.........|
9|*........|
-|---------|
Set/unset mines marks or claim a cell as free:
> 1 2 free
 |123456789|
-|---------|
1|/////////|
2|/////////|
3|/////////|
4|//////111|
5|//////1..|
6|1221//1..|
7|...1/11..|
8|1221/1...|
9|/////1...|
-|---------|
Set/unset mines marks or claim a cell as free:
> 1 7 free
 |123456789|
-|---------|
1|/////////|
2|/////////|
3|/////////|
4|//////111|
5|//////1..|
6|1221//1..|
7|1..1/11..|
8|1221/1...|
9|/////1...|
-|---------|
Set/unset mines marks or claim a cell as free:
> 9 6 free
 |123456789|
-|---------|
1|/////////|
2|/////////|
3|/////////|
4|//////111|
5|//////1..|
6|1221//1.1|
7|1..1/11..|
8|1221/1...|
9|/////1...|
-|---------|
Set/unset mines marks or claim a cell as free:
> 9 8 mine
 |123456789|
-|---------|
1|/////////|
2|/////////|
3|/////////|
4|//////111|
5|//////1..|
6|1221//1.1|
7|1..1/11..|
8|1221/1..*|
9|/////1...|
-|---------|
Set/unset mines marks or claim a cell as free:
> 9 5 mine
 |123456789|
-|---------|
1|/////////|
2|/////////|
3|/////////|
4|//////111|
5|//////1.*|
6|1221//1.1|
7|1..1/11..|
8|1221/1..*|
9|/////1...|
-|---------|
Set/unset mines marks or claim a cell as free:
> 7 8 free
 |123456789|
-|---------|
1|/////////|
2|/////////|
3|/////////|
4|//////111|
5|//////1X*|
6|1221//1.1|
7|1XX1/11..|
8|1221/1X.*|
9|/////1...|
-|---------|
You stepped on a mine and failed!
?[1;31m
Start test 67?[0m
How many mines do you want on the field?
> 4
[[8, 7], [5, 1], [2, 3], [2, 6]]
 |123456789|
-|---------|
1|.........|
2|.........|
3|.........|
4|.........|
5|.........|
6|.........|
7|.........|
8|.........|
9|.........|
-|---------|
Set/unset mines marks or claim a cell as free:
> 9 1 free
 |123456789|
-|---------|
1|.....1///|
2|..1111///|
3|..1//////|
4|..1//////|
5|..1//////|
6|..1///111|
7|111///1..|
8|//////111|
9|/////////|
-|---------|
Set/unset mines marks or claim a cell as free:
> 4 1 free
 |123456789|
-|---------|
1|...1.1///|
2|..1111///|
3|..1//////|
4|..1//////|
5|..1//////|
6|..1///111|
7|111///1..|
8|//////111|
9|/////////|
-|---------|
Set/unset mines marks or claim a cell as free:
> 2 4 free
 |123456789|
-|---------|
1|...1.1///|
2|..1111///|
3|..1//////|
4|.11//////|
5|..1//////|
6|..1///111|
7|111///1..|
8|//////111|
9|/////////|
-|---------|
Set/unset mines marks or claim a cell as free:
> 2 6 free
 |123456789|
-|---------|
1|...1X1///|
2|..1111///|
3|.X1//////|
4|.11//////|
5|..1//////|
6|.X1///111|
7|111///1X.|
8|//////111|
9|/////////|
-|---------|
You stepped on a mine and failed!
?[1;31m
Start test 68?[0m
How many mines do you want on the field?
> 4
[[1, 8], [6, 7], [5, 2], [7, 2]]
 |123456789|
-|---------|
1|.........|
2|.........|
3|.........|
4|.........|
5|.........|
6|.........|
7|.........|
8|.........|
9|.........|
-|---------|
Set/unset mines marks or claim a cell as free:
> 8 1 free
 |123456789|
-|---------|
1|.......1.|
2|.........|
3|.........|
4|.........|
5|.........|
6|.........|
7|.........|
8|.........|
9|.........|
-|---------|
Set/unset mines marks or claim a cell as free:
> 1 4 free
 |123456789|
-|---------|
1|///1...1/|
2|///1...1/|
3|///11211/|
4|/////////|
5|/////////|
6|////111//|
7|11//1.1//|
8|.1//111//|
9|.1///////|
-|---------|
Set/unset mines marks or claim a cell as free:
> 7 1 mine
 |123456789|
-|---------|
1|///1..*1/|
2|///1...1/|
3|///11211/|
4|/////////|
5|/////////|
6|////111//|
7|11//1.1//|
8|.1//111//|
9|.1///////|
-|---------|
Set/unset mines marks or claim a cell as free:
> 6 7 free
 |123456789|
-|---------|
1|///1..*1/|
2|///1X.X1/|
3|///11211/|
4|/////////|
5|/////////|
6|////111//|
7|11//1X1//|
8|X1//111//|
9|.1///////|
-|---------|
You stepped on a mine and failed!
?[1;31m
Start test 69?[0m
How many mines do you want on the field?
> 4
[[9, 9], [9, 1], [7, 9], [5, 8]]
 |123456789|
-|---------|
1|.........|
2|.........|
3|.........|
4|.........|
5|.........|
6|.........|
7|.........|
8|.........|
9|.........|
-|---------|
Set/unset mines marks or claim a cell as free:
> 1 8 free
 |123456789|
-|---------|
1|///////1.|
2|///////11|
3|/////////|
4|/////////|
5|/////////|
6|/////////|
7|///111///|
8|///1.2121|
9|///1.....|
-|---------|
Set/unset mines marks or claim a cell as free:
> 8 9 free
 |123456789|
-|---------|
1|///////1.|
2|///////11|
3|/////////|
4|/////////|
5|/////////|
6|/////////|
7|///111///|
8|///1.2121|
9|///1...2.|
-|---------|
Set/unset mines marks or claim a cell as free:
> 6 9 mine
 |123456789|
-|---------|
1|///////1.|
2|///////11|
3|/////////|
4|/////////|
5|/////////|
6|/////////|
7|///111///|
8|///1.2121|
9|///1.*.2.|
-|---------|
Set/unset mines marks or claim a cell as free:
> 5 9 free
 |123456789|
-|---------|
1|///////1.|
2|///////11|
3|/////////|
4|/////////|
5|/////////|
6|/////////|
7|///111///|
8|///1.2121|
9|///11*.2.|
-|---------|
Set/unset mines marks or claim a cell as free:
> 9 1 free
 |123456789|
-|---------|
1|///////1X|
2|///////11|
3|/////////|
4|/////////|
5|/////////|
6|/////////|
7|///111///|
8|///1X2121|
9|///11*X2X|
-|---------|
You stepped on a mine and failed!
?[1;31m
Start test 70?[0m
How many mines do you want on the field?
> 4
[[6, 7], [7, 2], [3, 3], [1, 8]]
 |123456789|
-|---------|
1|.........|
2|.........|
3|.........|
4|.........|
5|.........|
6|.........|
7|.........|
8|.........|
9|.........|
-|---------|
Set/unset mines marks or claim a cell as free:
> 6 7 free
 |123456789|
-|---------|
1|.........|
2|......X..|
3|..X......|
4|.........|
5|.........|
6|.........|
7|.....X...|
8|X........|
9|.........|
-|---------|
You stepped on a mine and failed!
?[1;31m
Start test 71?[0m
How many mines do you want on the field?
> 4
[[4, 9], [7, 1], [3, 8], [2, 4]]
 |123456789|
-|---------|
1|.........|
2|.........|
3|.........|
4|.........|
5|.........|
6|.........|
7|.........|
8|.........|
9|.........|
-|---------|
Set/unset mines marks or claim a cell as free:
> 1 9 free
 |123456789|
-|---------|
1|/////1.1/|
2|/////111/|
3|111//////|
4|..1//////|
5|111//////|
6|/////////|
7|/111/////|
8|/1.21////|
9|/1..1////|
-|---------|
Set/unset mines marks or claim a cell as free:
> 4 9 free
 |123456789|
-|---------|
1|/////1X1/|
2|/////111/|
3|111//////|
4|.X1//////|
5|111//////|
6|/////////|
7|/111/////|
8|/1X21////|
9|/1.X1////|
-|---------|
You stepped on a mine and failed!
?[1;31m
Start test 72?[0m
How many mines do you want on the field?
> 4
[[5, 5], [3, 6], [1, 9], [9, 6]]
 |123456789|
-|---------|
1|.........|
2|.........|
3|.........|
4|.........|
5|.........|
6|.........|
7|.........|
8|.........|
9|.........|
-|---------|
Set/unset mines marks or claim a cell as free:
> 3 4 mine
 |123456789|
-|---------|
1|.........|
2|.........|
3|.........|
4|..*......|
5|.........|
6|.........|
7|.........|
8|.........|
9|.........|
-|---------|
Set/unset mines marks or claim a cell as free:
> 5 8 free
 |123456789|
-|---------|
1|/////////|
2|/////////|
3|/////////|
4|///111///|
5|/112.1/11|
6|/1.211/1.|
7|/111///11|
8|11///////|
9|.1///////|
-|---------|
Congratulations! You found all the mines!
?[1;31m
Start test 73?[0m
How many mines do you want on the field?
> 4
[[1, 3], [7, 1], [9, 7], [7, 9]]
 |123456789|
-|---------|
1|.........|
2|.........|
3|.........|
4|.........|
5|.........|
6|.........|
7|.........|
8|.........|
9|.........|
-|---------|
Set/unset mines marks or claim a cell as free:
> 7 7 free
 |123456789|
-|---------|
1|/////1.1/|
2|11///111/|
3|.1///////|
4|11///////|
5|/////////|
6|///////11|
7|///////1.|
8|/////112.|
9|/////1...|
-|---------|
Set/unset mines marks or claim a cell as free:
> 9 8 mine
 |123456789|
-|---------|
1|/////1.1/|
2|11///111/|
3|.1///////|
4|11///////|
5|/////////|
6|///////11|
7|///////1.|
8|/////112*|
9|/////1...|
-|---------|
Set/unset mines marks or claim a cell as free:
> 9 8 mine
 |123456789|
-|---------|
1|/////1.1/|
2|11///111/|
3|.1///////|
4|11///////|
5|/////////|
6|///////11|
7|///////1.|
8|/////112.|
9|/////1...|
-|---------|
Set/unset mines marks or claim a cell as free:
> 8 9 mine
 |123456789|
-|---------|
1|/////1.1/|
2|11///111/|
3|.1///////|
4|11///////|
5|/////////|
6|///////11|
7|///////1.|
8|/////112.|
9|/////1.*.|
-|---------|
Set/unset mines marks or claim a cell as free:
> 8 9 mine
 |123456789|
-|---------|
1|/////1.1/|
2|11///111/|
3|.1///////|
4|11///////|
5|/////////|
6|///////11|
7|///////1.|
8|/////112.|
9|/////1...|
-|---------|
Set/unset mines marks or claim a cell as free:
> 9 9 mine
 |123456789|
-|---------|
1|/////1.1/|
2|11///111/|
3|.1///////|
4|11///////|
5|/////////|
6|///////11|
7|///////1.|
8|/////112.|
9|/////1..*|
-|---------|
Set/unset mines marks or claim a cell as free:
> 8 9 free
 |123456789|
-|---------|
1|/////1.1/|
2|11///111/|
3|.1///////|
4|11///////|
5|/////////|
6|///////11|
7|///////1.|
8|/////112.|
9|/////1.1*|
-|---------|
Set/unset mines marks or claim a cell as free:
> 1 3 free
 |123456789|
-|---------|
1|/////1X1/|
2|11///111/|
3|X1///////|
4|11///////|
5|/////////|
6|///////11|
7|///////1X|
8|/////112.|
9|/////1X1*|
-|---------|
You stepped on a mine and failed!
?[1;31m
Start test 74?[0m
How many mines do you want on the field?
> 4
[[8, 1], [3, 5], [9, 2], [8, 3]]
 |123456789|
-|---------|
1|.........|
2|.........|
3|.........|
4|.........|
5|.........|
6|.........|
7|.........|
8|.........|
9|.........|
-|---------|
Set/unset mines marks or claim a cell as free:
> 4 3 free
 |123456789|
-|---------|
1|//////1..|
2|//////2..|
3|//////1..|
4|/111//111|
5|/1.1/////|
6|/111/////|
7|/////////|
8|/////////|
9|/////////|
-|---------|
Set/unset mines marks or claim a cell as free:
> 8 3 mine
 |123456789|
-|---------|
1|//////1..|
2|//////2..|
3|//////1*.|
4|/111//111|
5|/1.1/////|
6|/111/////|
7|/////////|
8|/////////|
9|/////////|
-|---------|
Set/unset mines marks or claim a cell as free:
> 8 3 mine
 |123456789|
-|---------|
1|//////1..|
2|//////2..|
3|//////1..|
4|/111//111|
5|/1.1/////|
6|/111/////|
7|/////////|
8|/////////|
9|/////////|
-|---------|
Set/unset mines marks or claim a cell as free:
> 3 5 mine
 |123456789|
-|---------|
1|//////1..|
2|//////2..|
3|//////1..|
4|/111//111|
5|/1*1/////|
6|/111/////|
7|/////////|
8|/////////|
9|/////////|
-|---------|
Set/unset mines marks or claim a cell as free:
> 9 2 mine
 |123456789|
-|---------|
1|//////1..|
2|//////2.*|
3|//////1..|
4|/111//111|
5|/1*1/////|
6|/111/////|
7|/////////|
8|/////////|
9|/////////|
-|---------|
Set/unset mines marks or claim a cell as free:
> 9 2 mine
 |123456789|
-|---------|
1|//////1..|
2|//////2..|
3|//////1..|
4|/111//111|
5|/1*1/////|
6|/111/////|
7|/////////|
8|/////////|
9|/////////|
-|---------|
Set/unset mines marks or claim a cell as free:
> 8 2 free
 |123456789|
-|---------|
1|//////1..|
2|//////23.|
3|//////1..|
4|/111//111|
5|/1*1/////|
6|/111/////|
7|/////////|
8|/////////|
9|/////////|
-|---------|
Set/unset mines marks or claim a cell as free:
> 8 3 mine
 |123456789|
-|---------|
1|//////1..|
2|//////23.|
3|//////1*.|
4|/111//111|
5|/1*1/////|
6|/111/////|
7|/////////|
8|/////////|
9|/////////|
-|---------|
Set/unset mines marks or claim a cell as free:
> 9 2 free
 |123456789|
-|---------|
1|//////1X.|
2|//////23X|
3|//////1X.|
4|/111//111|
5|/1X1/////|
6|/111/////|
7|/////////|
8|/////////|
9|/////////|
-|---------|
You stepped on a mine and failed!
?[1;31m
Start test 75?[0m
How many mines do you want on the field?
> 4
[[4, 8], [5, 5], [4, 6], [9, 7]]
 |123456789|
-|---------|
1|.........|
2|.........|
3|.........|
4|.........|
5|.........|
6|.........|
7|.........|
8|.........|
9|.........|
-|---------|
Set/unset mines marks or claim a cell as free:
> 8 3 free
 |123456789|
-|---------|
1|/////////|
2|/////////|
3|/////////|
4|///111///|
5|//12.1///|
6|//1.21/11|
7|//2.2//1.|
8|//1.1//11|
9|//1.1////|
-|---------|
Set/unset mines marks or claim a cell as free:
> 4 6 free
 |123456789|
-|---------|
1|/////////|
2|/////////|
3|/////////|
4|///111///|
5|//12X1///|
6|//1X21/11|
7|//2.2//1X|
8|//1X1//11|
9|//1.1////|
-|---------|
You stepped on a mine and failed!
?[1;31m
Start test 76?[0m
How many mines do you want on the field?
> 4
[[6, 5], [2, 2], [9, 9], [4, 1]]
 |123456789|
-|---------|
1|.........|
2|.........|
3|.........|
4|.........|
5|.........|
6|.........|
7|.........|
8|.........|
9|.........|
-|---------|
Set/unset mines marks or claim a cell as free:
> 7 6 free
 |123456789|
-|---------|
1|.........|
2|.........|
3|.........|
4|.........|
5|.........|
6|......1..|
7|.........|
8|.........|
9|.........|
-|---------|
Set/unset mines marks or claim a cell as free:
> 1 8 free
 |123456789|
-|---------|
1|....1////|
2|..211////|
3|111//////|
4|////111//|
5|////1.1//|
6|////111//|
7|/////////|
8|///////11|
9|///////1.|
-|---------|
Set/unset mines marks or claim a cell as free:
> 4 1 free
 |123456789|
-|---------|
1|...X1////|
2|.X211////|
3|111//////|
4|////111//|
5|////1X1//|
6|////111//|
7|/////////|
8|///////11|
9|///////1X|
-|---------|
You stepped on a mine and failed!
?[1;31m
Start test 77?[0m
How many mines do you want on the field?
> 4
[[8, 3], [6, 9], [9, 4], [5, 4]]
 |123456789|
-|---------|
1|.........|
2|.........|
3|.........|
4|.........|
5|.........|
6|.........|
7|.........|
8|.........|
9|.........|
-|---------|
Set/unset mines marks or claim a cell as free:
> 2 3 mine
 |123456789|
-|---------|
1|.........|
2|.........|
3|.*.......|
4|.........|
5|.........|
6|.........|
7|.........|
8|.........|
9|.........|
-|---------|
Set/unset mines marks or claim a cell as free:
> 2 3 mine
 |123456789|
-|---------|
1|.........|
2|.........|
3|.........|
4|.........|
5|.........|
6|.........|
7|.........|
8|.........|
9|.........|
-|---------|
Set/unset mines marks or claim a cell as free:
> 6 7 free
 |123456789|
-|---------|
1|/////////|
2|//////111|
3|///1111..|
4|///1.112.|
5|///111/11|
6|/////////|
7|/////////|
8|////111//|
9|////1.1//|
-|---------|
Set/unset mines marks or claim a cell as free:
> 8 3 free
 |123456789|
-|---------|
1|/////////|
2|//////111|
3|///1111X.|
4|///1X112X|
5|///111/11|
6|/////////|
7|/////////|
8|////111//|
9|////1X1//|
-|---------|
You stepped on a mine and failed!
?[1;31m
Start test 78?[0m
How many mines do you want on the field?
> 4
[[4, 8], [5, 1], [1, 1], [3, 2]]
 |123456789|
-|---------|
1|.........|
2|.........|
3|.........|
4|.........|
5|.........|
6|.........|
7|.........|
8|.........|
9|.........|
-|---------|
Set/unset mines marks or claim a cell as free:
> 4 6 free
 |123456789|
-|---------|
1|.....1///|
2|12.211///|
3|/111/////|
4|/////////|
5|/////////|
6|/////////|
7|//111////|
8|//1.1////|
9|//1.1////|
-|---------|
Set/unset mines marks or claim a cell as free:
> 1 1 mine
 |123456789|
-|---------|
1|*....1///|
2|12.211///|
3|/111/////|
4|/////////|
5|/////////|
6|/////////|
7|//111////|
8|//1.1////|
9|//1.1////|
-|---------|
Set/unset mines marks or claim a cell as free:
> 2 1 free
 |123456789|
-|---------|
1|*2...1///|
2|12.211///|
3|/111/////|
4|/////////|
5|/////////|
6|/////////|
7|//111////|
8|//1.1////|
9|//1.1////|
-|---------|
Set/unset mines marks or claim a cell as free:
> 3 2 mine
 |123456789|
-|---------|
1|*2...1///|
2|12*211///|
3|/111/////|
4|/////////|
5|/////////|
6|/////////|
7|//111////|
8|//1.1////|
9|//1.1////|
-|---------|
Set/unset mines marks or claim a cell as free:
> 4 8 free
 |123456789|
-|---------|
1|X2..X1///|
2|12X211///|
3|/111/////|
4|/////////|
5|/////////|
6|/////////|
7|//111////|
8|//1X1////|
9|//1.1////|
-|---------|
You stepped on a mine and failed!
?[1;31m
Start test 79?[0m
How many mines do you want on the field?
> 4
[[9, 9], [2, 4], [5, 7], [6, 6]]
 |123456789|
-|---------|
1|.........|
2|.........|
3|.........|
4|.........|
5|.........|
6|.........|
7|.........|
8|.........|
9|.........|
-|---------|
Set/unset mines marks or claim a cell as free:
> 5 8 free
 |123456789|
-|---------|
1|.........|
2|.........|
3|.........|
4|.........|
5|.........|
6|.........|
7|.........|
8|....1....|
9|.........|
-|---------|
Set/unset mines marks or claim a cell as free:
> 2 6 free
 |123456789|
-|---------|
1|/////////|
2|/////////|
3|111//////|
4|..1//////|
5|111/111//|
6|///12.1//|
7|///1.21//|
8|///111/11|
9|///////1.|
-|---------|
Set/unset mines marks or claim a cell as free:
> 2 4 free
 |123456789|
-|---------|
1|/////////|
2|/////////|
3|111//////|
4|.X1//////|
5|111/111//|
6|///12X1//|
7|///1X21//|
8|///111/11|
9|///////1X|
-|---------|
You stepped on a mine and failed!
?[1;31m
Start test 80?[0m
How many mines do you want on the field?
> 4
[[5, 6], [7, 7], [8, 2], [6, 5]]
 |123456789|
-|---------|
1|.........|
2|.........|
3|.........|
4|.........|
5|.........|
6|.........|
7|.........|
8|.........|
9|.........|
-|---------|
Set/unset mines marks or claim a cell as free:
> 1 4 mine
 |123456789|
-|---------|
1|.........|
2|.........|
3|.........|
4|*........|
5|.........|
6|.........|
7|.........|
8|.........|
9|.........|
-|---------|
Set/unset mines marks or claim a cell as free:
> 1 4 mine
 |123456789|
-|---------|
1|.........|
2|.........|
3|.........|
4|.........|
5|.........|
6|.........|
7|.........|
8|.........|
9|.........|
-|---------|
Set/unset mines marks or claim a cell as free:
> 9 8 free
 |123456789|
-|---------|
1|//////1..|
2|//////1..|
3|//////111|
4|////111//|
5|///12.1//|
6|///1..21/|
7|///112.1/|
8|/////111/|
9|/////////|
-|---------|
Set/unset mines marks or claim a cell as free:
> 8 1 free
 |123456789|
-|---------|
1|//////11.|
2|//////1..|
3|//////111|
4|////111//|
5|///12.1//|
6|///1..21/|
7|///112.1/|
8|/////111/|
9|/////////|
-|---------|
Set/unset mines marks or claim a cell as free:
> 8 2 free
 |123456789|
-|---------|
1|//////11.|
2|//////1X.|
3|//////111|
4|////111//|
5|///12X1//|
6|///1X.21/|
7|///112X1/|
8|/////111/|
9|/////////|
-|---------|
You stepped on a mine and failed!
?[1;31m
Start test 81?[0m
How many mines do you want on the field?
> 5
[[8, 6], [1, 4], [1, 1], [4, 1], [4, 9]]
 |123456789|
-|---------|
1|.........|
2|.........|
3|.........|
4|.........|
5|.........|
6|.........|
7|.........|
8|.........|
9|.........|
-|---------|
Set/unset mines marks or claim a cell as free:
> 4 2 mine
 |123456789|
-|---------|
1|.........|
2|...*.....|
3|.........|
4|.........|
5|.........|
6|.........|
7|.........|
8|.........|
9|.........|
-|---------|
Set/unset mines marks or claim a cell as free:
> 5 5 free
 |123456789|
-|---------|
1|....1////|
2|.1111////|
3|.1///////|
4|.1///////|
5|11////111|
6|//////1..|
7|//////111|
8|//111////|
9|//1.1////|
-|---------|
Set/unset mines marks or claim a cell as free:
> 1 3 free
 |123456789|
-|---------|
1|....1////|
2|.1111////|
3|11///////|
4|.1///////|
5|11////111|
6|//////1..|
7|//////111|
8|//111////|
9|//1.1////|
-|---------|
Set/unset mines marks or claim a cell as free:
> 1 2 free
 |123456789|
-|---------|
1|....1////|
2|11111////|
3|11///////|
4|.1///////|
5|11////111|
6|//////1..|
7|//////111|
8|//111////|
9|//1.1////|
-|---------|
Set/unset mines marks or claim a cell as free:
> 9 6 free
 |123456789|
-|---------|
1|....1////|
2|11111////|
3|11///////|
4|.1///////|
5|11////111|
6|//////1.1|
7|//////111|
8|//111////|
9|//1.1////|
-|---------|
Set/unset mines marks or claim a cell as free:
> 1 1 free
 |123456789|
-|---------|
1|X..X1////|
2|11111////|
3|11///////|
4|X1///////|
5|11////111|
6|//////1X1|
7|//////111|
8|//111////|
9|//1X1////|
-|---------|
You stepped on a mine and failed!
?[1;31m
Start test 82?[0m
How many mines do you want on the field?
> 5
[[9, 2], [1, 2], [5, 2], [8, 3], [2, 1]]
 |123456789|
-|---------|
1|.........|
2|.........|
3|.........|
4|.........|
5|.........|
6|.........|
7|.........|
8|.........|
9|.........|
-|---------|
Set/unset mines marks or claim a cell as free:
> 5 5 free
 |123456789|
-|---------|
1|.........|
2|.211.....|
3|11/1111..|
4|//////111|
5|/////////|
6|/////////|
7|/////////|
8|/////////|
9|/////////|
-|---------|
Set/unset mines marks or claim a cell as free:
> 1 1 free
 |123456789|
-|---------|
1|2........|
2|.211.....|
3|11/1111..|
4|//////111|
5|/////////|
6|/////////|
7|/////////|
8|/////////|
9|/////////|
-|---------|
Set/unset mines marks or claim a cell as free:
> 6 2 mine
 |123456789|
-|---------|
1|2........|
2|.211.*...|
3|11/1111..|
4|//////111|
5|/////////|
6|/////////|
7|/////////|
8|/////////|
9|/////////|
-|---------|
Set/unset mines marks or claim a cell as free:
> 6 2 mine
 |123456789|
-|---------|
1|2........|
2|.211.....|
3|11/1111..|
4|//////111|
5|/////////|
6|/////////|
7|/////////|
8|/////////|
9|/////////|
-|---------|
Set/unset mines marks or claim a cell as free:
> 8 1 free
 |123456789|
-|---------|
1|2......1.|
2|.211.....|
3|11/1111..|
4|//////111|
5|/////////|
6|/////////|
7|/////////|
8|/////////|
9|/////////|
-|---------|
Set/unset mines marks or claim a cell as free:
> 8 3 free
 |123456789|
-|---------|
1|2X.....1.|
2|X211X...X|
3|11/1111X.|
4|//////111|
5|/////////|
6|/////////|
7|/////////|
8|/////////|
9|/////////|
-|---------|
You stepped on a mine and failed!
?[1;31m
Start test 83?[0m
How many mines do you want on the field?
> 6
[[6, 7], [6, 8], [6, 4], [8, 7], [1, 8], [3, 7]]
 |123456789|
-|---------|
1|.........|
2|.........|
3|.........|
4|.........|
5|.........|
6|.........|
7|.........|
8|.........|
9|.........|
-|---------|
Set/unset mines marks or claim a cell as free:
> 3 9 free
 |123456789|
-|---------|
1|.........|
2|.........|
3|.........|
4|.........|
5|.........|
6|.........|
7|.........|
8|.2112....|
9|.1//1....|
-|---------|
Set/unset mines marks or claim a cell as free:
> 6 3 mine
 |123456789|
-|---------|
1|.........|
2|.........|
3|.....*...|
4|.........|
5|.........|
6|.........|
7|.........|
8|.2112....|
9|.1//1....|
-|---------|
Set/unset mines marks or claim a cell as free:
> 7 4 free
 |123456789|
-|---------|
1|.........|
2|.........|
3|.....*...|
4|......1..|
5|.........|
6|.........|
7|.........|
8|.2112....|
9|.1//1....|
-|---------|
Set/unset mines marks or claim a cell as free:
> 8 4 free
 |123456789|
-|---------|
1|/////////|
2|/////////|
3|////111//|
4|////1.1//|
5|////1.1//|
6|/1111.211|
7|12.......|
8|.2112....|
9|.1//1....|
-|---------|
Set/unset mines marks or claim a cell as free:
> 6 4 free
 |123456789|
-|---------|
1|/////////|
2|/////////|
3|////111//|
4|////1X1//|
5|////1.1//|
6|/1111.211|
7|12X..X.X.|
8|X2112X...|
9|.1//1....|
-|---------|
You stepped on a mine and failed!
?[1;31m
Start test 84?[0m
How many mines do you want on the field?
> 6
[[5, 4], [1, 8], [8, 7], [5, 3], [9, 2], [2, 4]]
 |123456789|
-|---------|
1|.........|
2|.........|
3|.........|
4|.........|
5|.........|
6|.........|
7|.........|
8|.........|
9|.........|
-|---------|
Set/unset mines marks or claim a cell as free:
> 2 4 mine
 |123456789|
-|---------|
1|.........|
2|.........|
3|.........|
4|.*.......|
5|.........|
6|.........|
7|.........|
8|.........|
9|.........|
-|---------|
Set/unset mines marks or claim a cell as free:
> 3 4 mine
 |123456789|
-|---------|
1|.........|
2|.........|
3|.........|
4|.**......|
5|.........|
6|.........|
7|.........|
8|.........|
9|.........|
-|---------|
Set/unset mines marks or claim a cell as free:
> 8 2 free
 |123456789|
-|---------|
1|.........|
2|.......1.|
3|.........|
4|.**......|
5|.........|
6|.........|
7|.........|
8|.........|
9|.........|
-|---------|
Set/unset mines marks or claim a cell as free:
> 3 5 free
 |123456789|
-|---------|
1|.........|
2|.......1.|
3|.........|
4|.**......|
5|..1......|
6|.........|
7|.........|
8|.........|
9|.........|
-|---------|
Set/unset mines marks or claim a cell as free:
> 8 4 mine
 |123456789|
-|---------|
1|.........|
2|.......1.|
3|.........|
4|.**....*.|
5|..1......|
6|.........|
7|.........|
8|.........|
9|.........|
-|---------|
Set/unset mines marks or claim a cell as free:
> 3 8 free
 |123456789|
-|---------|
1|///////1.|
2|///111/1.|
3|1112.2/11|
4|.**..2///|
5|111111///|
6|//////111|
7|11////1..|
8|.1////111|
9|.1///////|
-|---------|
Set/unset mines marks or claim a cell as free:
> 1 8 mine
 |123456789|
-|---------|
1|///////1.|
2|///111/1.|
3|1112.2/11|
4|.**..2///|
5|111111///|
6|//////111|
7|11////1..|
8|*1////111|
9|.1///////|
-|---------|
Set/unset mines marks or claim a cell as free:
> 4 4 free
 |123456789|
-|---------|
1|///////1.|
2|///111/1.|
3|1112.2/11|
4|.**2.2///|
5|111111///|
6|//////111|
7|11////1..|
8|*1////111|
9|.1///////|
-|---------|
Set/unset mines marks or claim a cell as free:
> 9 7 mine
 |123456789|
-|---------|
1|///////1.|
2|///111/1.|
3|1112.2/11|
4|.**2.2///|
5|111111///|
6|//////111|
7|11////1.*|
8|*1////111|
9|.1///////|
-|---------|
Set/unset mines marks or claim a cell as free:
> 5 4 mine
 |123456789|
-|---------|
1|///////1.|
2|///111/1.|
3|1112.2/11|
4|.**2*2///|
5|111111///|
6|//////111|
7|11////1.*|
8|*1////111|
9|.1///////|
-|---------|
Set/unset mines marks or claim a cell as free:
> 9 1 free
 |123456789|
-|---------|
1|///////11|
2|///111/1.|
3|1112.2/11|
4|.**2*2///|
5|111111///|
6|//////111|
7|11////1.*|
8|*1////111|
9|.1///////|
-|---------|
Set/unset mines marks or claim a cell as free:
> 1 4 free
 |123456789|
-|---------|
1|///////11|
2|///111/1.|
3|1112.2/11|
4|1**2*2///|
5|111111///|
6|//////111|
7|11////1.*|
8|*1////111|
9|.1///////|
-|---------|
Set/unset mines marks or claim a cell as free:
> 1 8 mine
 |123456789|
-|---------|
1|///////11|
2|///111/1.|
3|1112.2/11|
4|1**2*2///|
5|111111///|
6|//////111|
7|11////1.*|
8|.1////111|
9|.1///////|
-|---------|
Set/unset mines marks or claim a cell as free:
> 1 8 mine
 |123456789|
-|---------|
1|///////11|
2|///111/1.|
3|1112.2/11|
4|1**2*2///|
5|111111///|
6|//////111|
7|11////1.*|
8|*1////111|
9|.1///////|
-|---------|
Set/unset mines marks or claim a cell as free:
> 8 7 mine
 |123456789|
-|---------|
1|///////11|
2|///111/1.|
3|1112.2/11|
4|1**2*2///|
5|111111///|
6|//////111|
7|11////1**|
8|*1////111|
9|.1///////|
-|---------|
Set/unset mines marks or claim a cell as free:
> 5 3 free
 |123456789|
-|---------|
1|///////11|
2|///111/1X|
3|1112X2/11|
4|1X*2X2///|
5|111111///|
6|//////111|
7|11////1X*|
8|X1////111|
9|.1///////|
-|---------|
You stepped on a mine and failed!
?[1;31m
Start test 85?[0m
How many mines do you want on the field?
> 7
[[7, 6], [6, 1], [3, 8], [5, 1], [1, 6], [7, 5], [3, 1]]
 |123456789|
-|---------|
1|.........|
2|.........|
3|.........|
4|.........|
5|.........|
6|.........|
7|.........|
8|.........|
9|.........|
-|---------|
Set/unset mines marks or claim a cell as free:
> 7 9 mine
 |123456789|
-|---------|
1|.........|
2|.........|
3|.........|
4|.........|
5|.........|
6|.........|
7|.........|
8|.........|
9|......*..|
-|---------|
Set/unset mines marks or claim a cell as free:
> 9 7 free
 |123456789|
-|---------|
1|/1....1//|
2|/112221//|
3|/////////|
4|/////111/|
5|11///2.2/|
6|.1///2.2/|
7|.211/111/|
8|...1/////|
9|...1/////|
-|---------|
Set/unset mines marks or claim a cell as free:
> 1 9 free
 |123456789|
-|---------|
1|/1....1//|
2|/112221//|
3|/////////|
4|/////111/|
5|11///2.2/|
6|.1///2.2/|
7|1211/111/|
8|/1.1/////|
9|/1.1/////|
-|---------|
Set/unset mines marks or claim a cell as free:
> 3 1 mine
 |123456789|
-|---------|
1|/1*...1//|
2|/112221//|
3|/////////|
4|/////111/|
5|11///2.2/|
6|.1///2.2/|
7|1211/111/|
8|/1.1/////|
9|/1.1/////|
-|---------|
Set/unset mines marks or claim a cell as free:
> 3 1 mine
 |123456789|
-|---------|
1|/1....1//|
2|/112221//|
3|/////////|
4|/////111/|
5|11///2.2/|
6|.1///2.2/|
7|1211/111/|
8|/1.1/////|
9|/1.1/////|
-|---------|
Set/unset mines marks or claim a cell as free:
> 3 1 free
 |123456789|
-|---------|
1|/1X.XX1//|
2|/112221//|
3|/////////|
4|/////111/|
5|11///2X2/|
6|X1///2X2/|
7|1211/111/|
8|/1X1/////|
9|/1.1/////|
-|---------|
You stepped on a mine and failed!
?[1;31m
Start test 86?[0m
How many mines do you want on the field?
> 7
[[1, 1], [7, 1], [7, 9], [7, 2], [4, 4], [4, 9], [8, 3]]
 |123456789|
-|---------|
1|.........|
2|.........|
3|.........|
4|.........|
5|.........|
6|.........|
7|.........|
8|.........|
9|.........|
-|---------|
Set/unset mines marks or claim a cell as free:
> 2 7 mine
 |123456789|
-|---------|
1|.........|
2|.........|
3|.........|
4|.........|
5|.........|
6|.........|
7|.*.......|
8|.........|
9|.........|
-|---------|
Set/unset mines marks or claim a cell as free:
> 3 6 free
 |123456789|
-|---------|
1|.1///2...|
2|11///2...|
3|//11112..|
4|//1.1/111|
5|//111////|
6|/////////|
7|/////////|
8|//111111/|
9|//1....1/|
-|---------|
Set/unset mines marks or claim a cell as free:
> 7 2 free
 |123456789|
-|---------|
1|X1///2X..|
2|11///2X..|
3|//11112X.|
4|//1X1/111|
5|//111////|
6|/////////|
7|/////////|
8|//111111/|
9|//1X..X1/|
-|---------|
You stepped on a mine and failed!
?[1;31m
Start test 87?[0m
How many mines do you want on the field?
> 8
[[1, 6], [1, 9], [5, 4], [6, 7], [2, 6], [6, 4], [2, 8], [5, 3]]
 |123456789|
-|---------|
1|.........|
2|.........|
3|.........|
4|.........|
5|.........|
6|.........|
7|.........|
8|.........|
9|.........|
-|---------|
Set/unset mines marks or claim a cell as free:
> 5 6 free
 |123456789|
-|---------|
1|.........|
2|.........|
3|.........|
4|.........|
5|.........|
6|....1....|
7|.........|
8|.........|
9|.........|
-|---------|
Set/unset mines marks or claim a cell as free:
> 4 1 free
 |123456789|
-|---------|
1|/////////|
2|///111///|
3|///2.31//|
4|///2..1//|
5|22112.1//|
6|..1/1.1//|
7|..2/1.1//|
8|..1/111//|
9|..1//////|
-|---------|
Set/unset mines marks or claim a cell as free:
> 2 9 free
 |123456789|
-|---------|
1|/////////|
2|///111///|
3|///2.31//|
4|///2..1//|
5|22112.1//|
6|..1/1.1//|
7|..2/1.1//|
8|..1/111//|
9|.21//////|
-|---------|
Set/unset mines marks or claim a cell as free:
> 6 6 free
 |123456789|
-|---------|
1|/////////|
2|///111///|
3|///2.31//|
4|///2..1//|
5|22112.1//|
6|..1/111//|
7|..2/1.1//|
8|..1/111//|
9|.21//////|
-|---------|
Set/unset mines marks or claim a cell as free:
> 5 4 free
 |123456789|
-|---------|
1|/////////|
2|///111///|
3|///2X31//|
4|///2XX1//|
5|22112.1//|
6|XX1/111//|
7|..2/1X1//|
8|.X1/111//|
9|X21//////|
-|---------|
You stepped on a mine and failed!
?[1;31m
Start test 88?[0m
How many mines do you want on the field?
> 8
[[9, 3], [3, 7], [1, 3], [3, 4], [9, 1], [5, 5], [2, 6], [7, 9]]
 |123456789|
-|---------|
1|.........|
2|.........|
3|.........|
4|.........|
5|.........|
6|.........|
7|.........|
8|.........|
9|.........|
-|---------|
Set/unset mines marks or claim a cell as free:
> 3 7 mine
 |123456789|
-|---------|
1|.........|
2|.........|
3|.........|
4|.........|
5|.........|
6|.........|
7|..*......|
8|.........|
9|.........|
-|---------|
Set/unset mines marks or claim a cell as free:
> 1 4 free
 |123456789|
-|---------|
1|.........|
2|.........|
3|.........|
4|1........|
5|.........|
6|.........|
7|..*......|
8|.........|
9|.........|
-|---------|
Set/unset mines marks or claim a cell as free:
> 8 6 free
 |123456789|
-|---------|
1|///////1.|
2|11/////2.|
3|.211///1.|
4|1..211/11|
5|.....1///|
6|...211///|
7|12*1/////|
8|/111/111/|
9|/////1.1/|
-|---------|
Set/unset mines marks or claim a cell as free:
> 2 6 free
 |123456789|
-|---------|
1|///////1X|
2|11/////2.|
3|X211///1X|
4|1.X211/11|
5|....X1///|
6|.X.211///|
7|12X1/////|
8|/111/111/|
9|/////1X1/|
-|---------|
You stepped on a mine and failed!
?[1;31m
Start test 89?[0m
How many mines do you want on the field?
> 9
[[3, 2], [1, 7], [5, 8], [1, 1], [6, 8], [9, 4], [6, 7], [8, 9], [4, 1]]
 |123456789|
-|---------|
1|.........|
2|.........|
3|.........|
4|.........|
5|.........|
6|.........|
7|.........|
8|.........|
9|.........|
-|---------|
Set/unset mines marks or claim a cell as free:
> 4 9 free
 |123456789|
-|---------|
1|.........|
2|.........|
3|.........|
4|.........|
5|.........|
6|.........|
7|.........|
8|.........|
9|...1.....|
-|---------|
Set/unset mines marks or claim a cell as free:
> 7 5 free
 |123456789|
-|---------|
1|....1////|
2|12.21////|
3|/111///11|
4|///////1.|
5|///////11|
6|11//111//|
7|.1/13.2//|
8|11/1..311|
9|///1.....|
-|---------|
Set/unset mines marks or claim a cell as free:
> 1 1 free
 |123456789|
-|---------|
1|X..X1////|
2|12X21////|
3|/111///11|
4|///////1X|
5|///////11|
6|11//111//|
7|X1/13X2//|
8|11/1XX311|
9|///1...X.|
-|---------|
You stepped on a mine and failed!
?[1;31m
Start test 90?[0m
How many mines do you want on the field?
> 9
[[8, 9], [6, 7], [1, 3], [1, 1], [5, 3], [9, 7], [9, 3], [9, 1], [8, 8]]
 |123456789|
-|---------|
1|.........|
2|.........|
3|.........|
4|.........|
5|.........|
6|.........|
7|.........|
8|.........|
9|.........|
-|---------|
Set/unset mines marks or claim a cell as free:
> 3 1 free
 |123456789|
-|---------|
1|.1/////1.|
2|.2/111/2.|
3|.1/1.1/1.|
4|11/111/11|
5|/////////|
6|////11111|
7|////1....|
8|////113..|
9|//////2..|
-|---------|
Set/unset mines marks or claim a cell as free:
> 1 2 free
 |123456789|
-|---------|
1|.1/////1.|
2|22/111/2.|
3|.1/1.1/1.|
4|11/111/11|
5|/////////|
6|////11111|
7|////1....|
8|////113..|
9|//////2..|
-|---------|
Set/unset mines marks or claim a cell as free:
> 6 7 free
 |123456789|
-|---------|
1|X1/////1X|
2|22/111/2.|
3|X1/1X1/1X|
4|11/111/11|
5|/////////|
6|////11111|
7|////1X..X|
8|////113X.|
9|//////2X.|
-|---------|
You stepped on a mine and failed!
?[1;31m
Start test 91?[0m
How many mines do you want on the field?
> 10
[[7, 5], [1, 8], [9, 9], [3, 6], [6, 5], [6, 3], [4, 5], [6, 1], [7, 4], [9, 8]]
 |123456789|
-|---------|
1|.........|
2|.........|
3|.........|
4|.........|
5|.........|
6|.........|
7|.........|
8|.........|
9|.........|
-|---------|
Set/unset mines marks or claim a cell as free:
> 9 9 mine
 |123456789|
-|---------|
1|.........|
2|.........|
3|.........|
4|.........|
5|.........|
6|.........|
7|.........|
8|.........|
9|........*|
-|---------|
Set/unset mines marks or claim a cell as free:
> 3 2 free
 |123456789|
-|---------|
1|////1....|
2|////2....|
3|////1....|
4|//113....|
5|/12......|
6|/1.......|
7|12.......|
8|.........|
9|........*|
-|---------|
Set/unset mines marks or claim a cell as free:
> 3 8 mine
 |123456789|
-|---------|
1|////1....|
2|////2....|
3|////1....|
4|//113....|
5|/12......|
6|/1.......|
7|12.......|
8|..*......|
9|........*|
-|---------|
Set/unset mines marks or claim a cell as free:
> 6 5 mine
 |123456789|
-|---------|
1|////1....|
2|////2....|
3|////1....|
4|//113....|
5|/12..*...|
6|/1.......|
7|12.......|
8|..*......|
9|........*|
-|---------|
Set/unset mines marks or claim a cell as free:
> 9 3 free
 |123456789|
-|---------|
1|////1.1//|
2|////2.2//|
3|////1.21/|
4|//113..2/|
5|/12..*.2/|
6|/1.....1/|
7|12.....11|
8|..*......|
9|........*|
-|---------|
Set/unset mines marks or claim a cell as free:
> 3 7 mine
 |123456789|
-|---------|
1|////1.1//|
2|////2.2//|
3|////1.21/|
4|//113..2/|
5|/12..*.2/|
6|/1.....1/|
7|12*....11|
8|..*......|
9|........*|
-|---------|
Set/unset mines marks or claim a cell as free:
> 6 6 mine
 |123456789|
-|---------|
1|////1.1//|
2|////2.2//|
3|////1.21/|
4|//113..2/|
5|/12..*.2/|
6|/1...*.1/|
7|12*....11|
8|..*......|
9|........*|
-|---------|
Set/unset mines marks or claim a cell as free:
> 4 9 mine
 |123456789|
-|---------|
1|////1.1//|
2|////2.2//|
3|////1.21/|
4|//113..2/|
5|/12..*.2/|
6|/1...*.1/|
7|12*....11|
8|..*......|
9|...*....*|
-|---------|
Set/unset mines marks or claim a cell as free:
> 6 2 free
 |123456789|
-|---------|
1|////1.1//|
2|////222//|
3|////1.21/|
4|//113..2/|
5|/12..*.2/|
6|/1...*.1/|
7|12*....11|
8|..*......|
9|...*....*|
-|---------|
Set/unset mines marks or claim a cell as free:
> 7 7 free
 |123456789|
-|---------|
1|////1.1//|
2|////222//|
3|////1.21/|
4|//113..2/|
5|/12..*.2/|
6|/1.22221/|
7|1211///11|
8|.1/////2.|
9|.1/////2*|
-|---------|
Set/unset mines marks or claim a cell as free:
> 9 9 mine
 |123456789|
-|---------|
1|////1.1//|
2|////222//|
3|////1.21/|
4|//113..2/|
5|/12..*.2/|
6|/1.22221/|
7|1211///11|
8|.1/////2.|
9|.1/////2.|
-|---------|
Set/unset mines marks or claim a cell as free:
> 4 5 mine
 |123456789|
-|---------|
1|////1.1//|
2|////222//|
3|////1.21/|
4|//113..2/|
5|/12*.*.2/|
6|/1.22221/|
7|1211///11|
8|.1/////2.|
9|.1/////2.|
-|---------|
Set/unset mines marks or claim a cell as free:
> 6 1 free
 |123456789|
-|---------|
1|////1X1//|
2|////222//|
3|////1X21/|
4|//113.X2/|
5|/12X.XX2/|
6|/1X22221/|
7|1211///11|
8|X1/////2X|
9|.1/////2X|
-|---------|
You stepped on a mine and failed!
?[1;31m
Start test 92?[0m
How many mines do you want on the field?
> 10
[[8, 9], [6, 6], [5, 3], [4, 3], [6, 1], [1, 4], [6, 9], [7, 3], [3, 6], [7, 6]]
 |123456789|
-|---------|
1|.........|
2|.........|
3|.........|
4|.........|
5|.........|
6|.........|
7|.........|
8|.........|
9|.........|
-|---------|
Set/unset mines marks or claim a cell as free:
> 1 3 free
 |123456789|
-|---------|
1|.........|
2|.........|
3|1........|
4|.........|
5|.........|
6|.........|
7|.........|
8|.........|
9|.........|
-|---------|
Set/unset mines marks or claim a cell as free:
> 4 3 free
 |123456789|
-|---------|
1|.....X...|
2|.........|
3|1..XX.X..|
4|X........|
5|.........|
6|..X..XX..|
7|.........|
8|.........|
9|.....X.X.|
-|---------|
You stepped on a mine and failed!
?[1;31m
Start test 93?[0m
How many mines do you want on the field?
> 15
[[7, 9], [8, 2], [9, 3], [8, 4], [5, 9], [1, 3], [3, 7], [5, 2], [3, 6], [8, 1], [2, 9], [1, 6], [6, 4], [6, 9], [7, 8]]
 |123456789|
-|---------|
1|.........|
2|.........|
3|.........|
4|.........|
5|.........|
6|.........|
7|.........|
8|.........|
9|.........|
-|---------|
Set/unset mines marks or claim a cell as free:
> 6 6 free
 |123456789|
-|---------|
1|.........|
2|.........|
3|.........|
4|.........|
5|...111211|
6|...2/////|
7|...2/111/|
8|...224.2/|
9|.......2/|
-|---------|
Set/unset mines marks or claim a cell as free:
> 7 2 free
 |123456789|
-|---------|
1|.........|
2|......2..|
3|.........|
4|.........|
5|...111211|
6|...2/////|
7|...2/111/|
8|...224.2/|
9|.......2/|
-|---------|
Set/unset mines marks or claim a cell as free:
> 8 4 free
 |123456789|
-|---------|
1|.......X.|
2|....X.2X.|
3|X.......X|
4|.....X.X.|
5|...111211|
6|X.X2/////|
7|..X2/111/|
8|...224X2/|
9|.X..XXX2/|
-|---------|
You stepped on a mine and failed!
?[1;31m
Start test 94?[0m
How many mines do you want on the field?
> 15
[[9, 6], [2, 3], [6, 4], [1, 7], [5, 3], [1, 4], [2, 4], [8, 7], [1, 1], [9, 2], [7, 2], [7, 9], [9, 5], [1, 3], [8, 1]]
 |123456789|
-|---------|
1|.........|
2|.........|
3|.........|
4|.........|
5|.........|
6|.........|
7|.........|
8|.........|
9|.........|
-|---------|
Set/unset mines marks or claim a cell as free:
> 9 6 free
 |123456789|
-|---------|
1|X......X.|
2|......X.X|
3|XX..X....|
4|XX...X...|
5|........X|
6|........X|
7|X......X.|
8|.........|
9|......X..|
-|---------|
You stepped on a mine and failed!
?[1;31m
Start test 95?[0m
How many mines do you want on the field?
> 20
[[2, 9], [3, 5], [1, 1], [3, 6], [2, 8], [6, 1], [7, 6], [3, 4], [4, 6], [1, 7], [5, 4], [6, 6], [6, 3], [9, 5], [1, 9], [9, 4], [8, 9], [7, 8], [8, 7], [5, 6]]
 |123456789|
-|---------|
1|.........|
2|.........|
3|.........|
4|.........|
5|.........|
6|.........|
7|.........|
8|.........|
9|.........|
-|---------|
Set/unset mines marks or claim a cell as free:
> 6 8 free
 |123456789|
-|---------|
1|.........|
2|.........|
3|.........|
4|.........|
5|.........|
6|.........|
7|.........|
8|.....1...|
9|.........|
-|---------|
Set/unset mines marks or claim a cell as free:
> 9 4 free
 |123456789|
-|---------|
1|X....X...|
2|.........|
3|.....X...|
4|..X.X...X|
5|..X.....X|
6|..XXXXX..|
7|X......X.|
8|.X...1X..|
9|XX.....X.|
-|---------|
You stepped on a mine and failed!
?[1;31m
Start test 96?[0m
How many mines do you want on the field?
> 20
[[5, 4], [4, 1], [8, 8], [7, 9], [8, 4], [5, 1], [1, 6], [7, 7], [2, 3], [3, 5], [9, 4], [3, 9], [5, 7], [5, 6], [3, 1], [4, 8], [9, 5], [1, 3], [7, 6], [9, 1]]
 |123456789|
-|---------|
1|.........|
2|.........|
3|.........|
4|.........|
5|.........|
6|.........|
7|.........|
8|.........|
9|.........|
-|---------|
Set/unset mines marks or claim a cell as free:
> 3 9 free
 |123456789|
-|---------|
1|..XXX...X|
2|.........|
3|XX.......|
4|....X..XX|
5|..X.....X|
6|X...X.X..|
7|....X.X..|
8|...X...X.|
9|..X...X..|
-|---------|
You stepped on a mine and failed!
?[1;31m
Start test 97?[0m
How many mines do you want on the field?
> 25
[[6, 3], [3, 2], [2, 6], [5, 6], [8, 6], [4, 4], [2, 2], [4, 5], [8, 2], [9, 9], [3, 1], [4, 8], [9, 2], [3, 5], [7, 8], [8, 1], [1, 5], [3, 9], [9, 4], [6, 8], [6, 9], [8, 9], [5, 9], [1, 7], [9, 3]]
 |123456789|
-|---------|
1|.........|
2|.........|
3|.........|
4|.........|
5|.........|
6|.........|
7|.........|
8|.........|
9|.........|
-|---------|
Set/unset mines marks or claim a cell as free:
> 4 4 free
 |123456789|
-|---------|
1|..X....X.|
2|.XX....XX|
3|.....X..X|
4|...X....X|
5|X.XX.....|
6|.X..X..X.|
7|X........|
8|...X.XX..|
9|..X.XX.XX|
-|---------|
You stepped on a mine and failed!
?[1;31m
Start test 98?[0m
How many mines do you want on the field?
> 25
[[3, 8], [9, 8], [7, 5], [4, 1], [7, 8], [8, 3], [5, 4], [6, 7], [4, 5], [2, 7], [3, 1], [2, 2], [2, 6], [1, 9], [6, 5], [4, 7], [1, 1], [1, 6], [9, 7], [3, 2], [8, 2], [5, 2], [8, 4], [9, 6], [2, 3]]
 |123456789|
-|---------|
1|.........|
2|.........|
3|.........|
4|.........|
5|.........|
6|.........|
7|.........|
8|.........|
9|.........|
-|---------|
Set/unset mines marks or claim a cell as free:
> 9 4 free
 |123456789|
-|---------|
1|.........|
2|.........|
3|.........|
4|........2|
5|.........|
6|.........|
7|.........|
8|.........|
9|.........|
-|---------|
Set/unset mines marks or claim a cell as free:
> 5 4 free
 |123456789|
-|---------|
1|X.XX.....|
2|.XX.X..X.|
3|.X.....X.|
4|....X..X2|
5|...X.XX..|
6|XX......X|
7|.X.X.X..X|
8|..X...X.X|
9|X........|
-|---------|
You stepped on a mine and failed!
?[1;31m
Start test 99?[0m
How many mines do you want on the field?
> 30
[[9, 5], [6, 6], [9, 1], [4, 8], [7, 6], [2, 2], [8, 3], [5, 9], [7, 3], [4, 7], [2, 5], [8, 7], [4, 2], [4, 1], [5, 1], [8, 2], [2, 3], [3, 7], [5, 2], [9, 9], [8, 4], [2, 8], [7, 1], [3, 1], [9, 8], [1, 4], [6, 2], [1, 7], [2, 4], [7, 5]]
 |123456789|
-|---------|
1|.........|
2|.........|
3|.........|
4|.........|
5|.........|
6|.........|
7|.........|
8|.........|
9|.........|
-|---------|
Set/unset mines marks or claim a cell as free:
> 5 8 free
 |123456789|
-|---------|
1|.........|
2|.........|
3|.........|
4|.........|
5|.........|
6|.........|
7|.........|
8|....3....|
9|.........|
-|---------|
Set/unset mines marks or claim a cell as free:
> 5 9 free
 |123456789|
-|---------|
1|..XXX.X.X|
2|.X.XXX.X.|
3|.X....XX.|
4|XX.....X.|
5|.X....X.X|
6|.....XX..|
7|X.XX...X.|
8|.X.X3...X|
9|....X...X|
-|---------|
You stepped on a mine and failed!
?[1;31m
Start test 100?[0m
How many mines do you want on the field?
> 30
[[7, 6], [5, 2], [6, 3], [7, 1], [1, 4], [4, 1], [3, 2], [9, 1], [7, 9], [5, 5], [9, 8], [8, 3], [1, 6], [2, 1], [1, 5], [6, 4], [2, 6], [3, 5], [1, 3], [3, 4], [8, 8], [3, 1], [1, 7], [2, 4], [8, 2], [2, 9], [3, 9], [7, 7], [5, 1], [4, 7]]
 |123456789|
-|---------|
1|.........|
2|.........|
3|.........|
4|.........|
5|.........|
6|.........|
7|.........|
8|.........|
9|.........|
-|---------|
Set/unset mines marks or claim a cell as free:
> 2 2 free
 |123456789|
-|---------|
1|.........|
2|.4.......|
3|.........|
4|.........|
5|.........|
6|.........|
7|.........|
8|.........|
9|.........|
-|---------|
Set/unset mines marks or claim a cell as free:
> 4 7 free
 |123456789|
-|---------|
1|.XXXX.X.X|
2|.4X.X..X.|
3|X....X.X.|
4|XXX..X...|
5|X.X.X....|
6|XX....X..|
7|X..X..X..|
8|.......XX|
9|.XX...X..|
-|---------|
You stepped on a mine and failed!
?[1;31m
Start test 101?[0m
How many mines do you want on the field?
> 35
[[5, 7], [1, 7], [4, 3], [2, 5], [9, 1], [7, 1], [1, 1], [2, 4], [3, 8], [9, 4], [1, 5], [7, 4], [6, 7], [4, 8], [3, 3], [9, 9], [8, 6], [7, 3], [3, 6], [6, 4], [1, 9], [6, 2], [2, 2], [7, 7], [3, 1], [9, 8], [4, 6], [4, 5], [5, 6], [2, 1], [8, 3], [1, 4], [6, 6], [9, 7], [8, 2]]
 |123456789|
-|---------|
1|.........|
2|.........|
3|.........|
4|.........|
5|.........|
6|.........|
7|.........|
8|.........|
9|.........|
-|---------|
Set/unset mines marks or claim a cell as free:
> 4 5 free
 |123456789|
-|---------|
1|XXX...X.X|
2|.X...X.X.|
3|..XX..XX.|
4|XX...XX.X|
5|XX.X.....|
6|..XXXX.X.|
7|X...XXX.X|
8|..XX....X|
9|X.......X|
-|---------|
You stepped on a mine and failed!
?[1;31m
Start test 102?[0m
How many mines do you want on the field?
> 35
[[1, 5], [7, 8], [7, 5], [7, 6], [6, 8], [7, 1], [1, 7], [6, 2], [8, 6], [9, 5], [9, 3], [6, 3], [2, 6], [2, 7], [1, 9], [4, 8], [2, 8], [4, 4], [2, 5], [6, 9], [7, 3], [1, 6], [1, 4], [3, 3], [9, 4], [2, 4], [8, 9], [3, 1], [3, 5], [9, 2], [8, 1], [4, 2], [5, 5], [3, 4], [3, 9]]
 |123456789|
-|---------|
1|.........|
2|.........|
3|.........|
4|.........|
5|.........|
6|.........|
7|.........|
8|.........|
9|.........|
-|---------|
Set/unset mines marks or claim a cell as free:
> 7 5 free
 |123456789|
-|---------|
1|..X...XX.|
2|...X.X..X|
3|..X..XX.X|
4|XXXX....X|
5|XXX.X.X.X|
6|XX....XX.|
7|XX.......|
8|.X.X.XX..|
9|X.X..X.X.|
-|---------|
You stepped on a mine and failed!
?[1;31m
Start test 103?[0m
How many mines do you want on the field?
> 40
[[2, 5], [9, 2], [2, 8], [7, 6], [7, 3], [7, 8], [1, 3], [1, 6], [2, 9], [5, 7], [9, 1], [1, 5], [8, 1], [6, 3], [4, 9], [6, 9], [7, 2], [2, 7], [4, 1], [6, 4], [4, 6], [1, 1], [9, 5], [8, 4], [9, 6], [4, 3], [9, 3], [4, 2], [5, 6], [5, 2], [8, 6], [3, 7], [4, 8], [1, 9], [6, 1], [3, 4], [7, 4], [8, 7], [6, 7], [2, 2]]
 |123456789|
-|---------|
1|.........|
2|.........|
3|.........|
4|.........|
5|.........|
6|.........|
7|.........|
8|.........|
9|.........|
-|---------|
Set/unset mines marks or claim a cell as free:
> 2 5 free
 |123456789|
-|---------|
1|X..X.X.XX|
2|.X.XX.X.X|
3|X..X.XX.X|
4|..X..XXX.|
5|XX......X|
6|X..XX.XXX|
7|.XX.XX.X.|
8|.X.X..X..|
9|XX.X.X...|
-|---------|
You stepped on a mine and failed!
?[1;31m
Start test 104?[0m
How many mines do you want on the field?
> 40
[[4, 1], [7, 4], [3, 2], [7, 2], [4, 6], [3, 6], [2, 4], [8, 7], [9, 8], [2, 1], [3, 8], [4, 5], [6, 7], [1, 5], [8, 3], [9, 7], [7, 8], [5, 4], [3, 3], [8, 1], [8, 2], [7, 1], [3, 7], [7, 9], [2, 8], [4, 7], [1, 8], [3, 9], [5, 1], [9, 2], [7, 7], [1, 3], [5, 2], [5, 6], [1, 2], [6, 9], [2, 9], [1, 9], [9, 3], [2, 6]]
 |123456789|
-|---------|
1|.........|
2|.........|
3|.........|
4|.........|
5|.........|
6|.........|
7|.........|
8|.........|
9|.........|
-|---------|
Set/unset mines marks or claim a cell as free:
> 2 4 free
 |123456789|
-|---------|
1|.X.XX.XX.|
2|X.X.X.XXX|
3|X.X....XX|
4|.X..X.X..|
5|X..X.....|
6|.XXXX....|
7|..XX.XXXX|
8|XXX...X.X|
9|XXX..XX..|
-|---------|
You stepped on a mine and failed!
?[1;31m
Start test 105?[0m
How many mines do you want on the field?
> 45
[[5, 3], [2, 2], [8, 7], [2, 6], [5, 4], [3, 9], [5, 6], [7, 9], [4, 7], [6, 1], [1, 8], [1, 7], [8, 3], [6, 7], [7, 3], [9, 5], [7, 5], [9, 9], [3, 7], [4, 8], [2, 8], [3, 1], [7, 8], [6, 4], [2, 4], [1, 3], [8, 5], [7, 7], [4, 3], [1, 6], [1, 4], [2, 5], [6, 8], [9, 1], [5, 2], [9, 4], [4, 9], [8, 1], [7, 2], [8, 2], [1, 9], [9, 2], [7, 1], [6, 6], [5, 1]]
 |123456789|
-|---------|
1|.........|
2|.........|
3|.........|
4|.........|
5|.........|
6|.........|
7|.........|
8|.........|
9|.........|
-|---------|
Set/unset mines marks or claim a cell as free:
> 6 1 mine
 |123456789|
-|---------|
1|.....*...|
2|.........|
3|.........|
4|.........|
5|.........|
6|.........|
7|.........|
8|.........|
9|.........|
-|---------|
Set/unset mines marks or claim a cell as free:
> 5 3 mine
 |123456789|
-|---------|
1|.....*...|
2|.........|
3|....*....|
4|.........|
5|.........|
6|.........|
7|.........|
8|.........|
9|.........|
-|---------|
Set/unset mines marks or claim a cell as free:
> 5 3 mine
 |123456789|
-|---------|
1|.....*...|
2|.........|
3|.........|
4|.........|
5|.........|
6|.........|
7|.........|
8|.........|
9|.........|
-|---------|
Set/unset mines marks or claim a cell as free:
> 6 7 mine
 |123456789|
-|---------|
1|.....*...|
2|.........|
3|.........|
4|.........|
5|.........|
6|.........|
7|.....*...|
8|.........|
9|.........|
-|---------|
Set/unset mines marks or claim a cell as free:
> 6 1 mine
 |123456789|
-|---------|
1|.........|
2|.........|
3|.........|
4|.........|
5|.........|
6|.........|
7|.....*...|
8|.........|
9|.........|
-|---------|
Set/unset mines marks or claim a cell as free:
> 6 7 mine
 |123456789|
-|---------|
1|.........|
2|.........|
3|.........|
4|.........|
5|.........|
6|.........|
7|.........|
8|.........|
9|.........|
-|---------|
Set/unset mines marks or claim a cell as free:
> 8 1 mine
 |123456789|
-|---------|
1|.......*.|
2|.........|
3|.........|
4|.........|
5|.........|
6|.........|
7|.........|
8|.........|
9|.........|
-|---------|
Set/unset mines marks or claim a cell as free:
> 7 6 free
 |123456789|
-|---------|
1|.......*.|
2|.........|
3|.........|
4|.........|
5|.........|
6|......6..|
7|.........|
8|.........|
9|.........|
-|---------|
Set/unset mines marks or claim a cell as free:
> 9 7 free
 |123456789|
-|---------|
1|.......*.|
2|.........|
3|.........|
4|.........|
5|.........|
6|......6..|
7|........1|
8|.........|
9|.........|
-|---------|
Set/unset mines marks or claim a cell as free:
> 8 4 free
 |123456789|
-|---------|
1|.......*.|
2|.........|
3|.........|
4|.......6.|
5|.........|
6|......6..|
7|........1|
8|.........|
9|.........|
-|---------|
Set/unset mines marks or claim a cell as free:
> 4 9 free
 |123456789|
-|---------|
1|..X.XXXXX|
2|.X..X.XXX|
3|X..XX.XX.|
4|XX..XX.6X|
5|.X....XXX|
6|XX..XX6..|
7|X.XX.XXX1|
8|XX.X.XX..|
9|X.XX..X.X|
-|---------|
You stepped on a mine and failed!
?[1;31m
Start test 106?[0m
How many mines do you want on the field?
> 45
[[9, 9], [8, 2], [1, 4], [3, 9], [9, 8], [6, 3], [4, 1], [4, 6], [5, 2], [6, 4], [2, 7], [8, 5], [9, 6], [3, 1], [5, 4], [8, 7], [4, 7], [9, 3], [4, 4], [9, 1], [3, 4], [5, 1], [3, 8], [8, 3], [6, 8], [8, 8], [3, 5], [9, 7], [4, 9], [6, 5], [8, 4], [2, 3], [9, 4], [5, 6], [4, 8], [2, 1], [7, 9], [6, 7], [1, 3], [2, 8], [2, 5], [2, 9], [5, 9], [1, 5], [4, 5]]
 |123456789|
-|---------|
1|.........|
2|.........|
3|.........|
4|.........|
5|.........|
6|.........|
7|.........|
8|.........|
9|.........|
-|---------|
Set/unset mines marks or claim a cell as free:
> 2 3 mine
 |123456789|
-|---------|
1|.........|
2|.........|
3|.*.......|
4|.........|
5|.........|
6|.........|
7|.........|
8|.........|
9|.........|
-|---------|
Set/unset mines marks or claim a cell as free:
> 8 1 free
 |123456789|
-|---------|
1|.......2.|
2|.........|
3|.*.......|
4|.........|
5|.........|
6|.........|
7|.........|
8|.........|
9|.........|
-|---------|
Set/unset mines marks or claim a cell as free:
> 1 3 free
 |123456789|
-|---------|
1|.XXXX..2X|
2|....X..X.|
3|XX...X.XX|
4|X.XXXX.XX|
5|XXXX.X.X.|
6|...XX...X|
7|.X.X.X.XX|
8|.XXX.X.XX|
9|.XXXX.X.X|
-|---------|
You stepped on a mine and failed!
?[1;31m
Start test 107?[0m
How many mines do you want on the field?
> 50
[[6, 8], [8, 3], [5, 4], [9, 5], [5, 5], [9, 3], [6, 5], [2, 8], [4, 5], [2, 1], [4, 9], [3, 3], [1, 5], [5, 2], [3, 6], [9, 8], [8, 1], [9, 4], [7, 7], [4, 4], [6, 6], [3, 4], [9, 1], [1, 2], [8, 2], [2, 4], [2, 9], [9, 6], [3, 9], [8, 7], [3, 5], [8, 6], [4, 2], [4, 1], [3, 8], [9, 2], [7, 9], [1, 8], [7, 5], [5, 6], [7, 2], [7, 1], [4, 6], [3, 1], [7, 3], [1, 9], [7, 8], [8, 9], [1, 3], [6, 7]]
 |123456789|
-|---------|
1|.........|
2|.........|
3|.........|
4|.........|
5|.........|
6|.........|
7|.........|
8|.........|
9|.........|
-|---------|
Set/unset mines marks or claim a cell as free:
> 9 8 free
 |123456789|
-|---------|
1|.XXX..XXX|
2|X..XX.XXX|
3|X.X...XXX|
4|.XXXX...X|
5|X.XXXXX.X|
6|..XXXX.XX|
7|.....XXX.|
8|XXX..XX.X|
9|XXXX..XX.|
-|---------|
You stepped on a mine and failed!
?[1;31m
Start test 108?[0m
How many mines do you want on the field?
> 50
[[6, 8], [3, 3], [1, 6], [3, 9], [9, 9], [9, 4], [5, 6], [7, 7], [5, 8], [4, 3], [7, 4], [4, 1], [6, 2], [7, 3], [9, 5], [2, 4], [5, 5], [8, 4], [2, 9], [4, 8], [1, 4], [2, 1], [3, 8], [9, 6], [8, 3], [1, 2], [9, 7], [4, 5], [8, 9], [3, 6], [1, 1], [9, 2], [6, 7], [8, 5], [4, 6], [2, 3], [2, 2], [5, 4], [6, 1], [5, 1], [3, 4], [2, 6], [6, 9], [9, 1], [6, 6], [3, 2], [5, 3], [3, 7], [5, 2], [8, 1]]
 |123456789|
-|---------|
1|.........|
2|.........|
3|.........|
4|.........|
5|.........|
6|.........|
7|.........|
8|.........|
9|.........|
-|---------|
Set/unset mines marks or claim a cell as free:
> 9 6 mine
 |123456789|
-|---------|
1|.........|
2|.........|
3|.........|
4|.........|
5|.........|
6|........*|
7|.........|
8|.........|
9|.........|
-|---------|
Set/unset mines marks or claim a cell as free:
> 8 3 mine
 |123456789|
-|---------|
1|.........|
2|.........|
3|.......*.|
4|.........|
5|.........|
6|........*|
7|.........|
8|.........|
9|.........|
-|---------|
Set/unset mines marks or claim a cell as free:
> 7 9 mine
 |123456789|
-|---------|
1|.........|
2|.........|
3|.......*.|
4|.........|
5|.........|
6|........*|
7|.........|
8|.........|
9|......*..|
-|---------|
Set/unset mines marks or claim a cell as free:
> 6 7 free
 |123456789|
-|---------|
1|XX.XXX.XX|
2|XXX.XX..X|
3|.XXXX.XX.|
4|XXX.X.XXX|
5|...XX..XX|
6|XXXXXX..X|
7|..X..XX.X|
8|..XXXX...|
9|.XX..X*XX|
-|---------|
You stepped on a mine and failed!
?[1;31m
Start test 109?[0m
How many mines do you want on the field?
> 55
[[9, 1], [9, 8], [2, 1], [5, 3], [3, 9], [1, 3], [4, 3], [2, 3], [8, 8], [1, 4], [6, 1], [1, 1], [7, 6], [6, 7], [7, 4], [5, 7], [3, 7], [9, 9], [4, 2], [3, 1], [2, 4], [4, 5], [7, 9], [2, 7], [7, 2], [1, 7], [6, 3], [5, 5], [8, 3], [3, 5], [1, 9], [7, 8], [5, 6], [6, 5], [8, 1], [8, 6], [8, 5], [4, 1], [3, 6], [2, 5], [1, 2], [8, 2], [3, 8], [9, 5], [5, 2], [9, 6], [4, 9], [2, 6], [9, 3], [8, 7], [1, 8], [6, 4], [9, 4], [9, 2], [5, 9]]
 |123456789|
-|---------|
1|.........|
2|.........|
3|.........|
4|.........|
5|.........|
6|.........|
7|.........|
8|.........|
9|.........|
-|---------|
Set/unset mines marks or claim a cell as free:
> 8 6 mine
 |123456789|
-|---------|
1|.........|
2|.........|
3|.........|
4|.........|
5|.........|
6|.......*.|
7|.........|
8|.........|
9|.........|
-|---------|
Set/unset mines marks or claim a cell as free:
> 9 9 mine
 |123456789|
-|---------|
1|.........|
2|.........|
3|.........|
4|.........|
5|.........|
6|.......*.|
7|.........|
8|.........|
9|........*|
-|---------|
Set/unset mines marks or claim a cell as free:
> 8 6 mine
 |123456789|
-|---------|
1|.........|
2|.........|
3|.........|
4|.........|
5|.........|
6|.........|
7|.........|
8|.........|
9|........*|
-|---------|
Set/unset mines marks or claim a cell as free:
> 5 6 free
 |123456789|
-|---------|
1|XXXX.X.XX|
2|X..XX.XXX|
3|XX.XXX.XX|
4|XX...XX.X|
5|.XXXXX.XX|
6|.XX.X.XXX|
7|XXX.XX.X.|
8|X.X...XXX|
9|X.XXX.X.X|
-|---------|
You stepped on a mine and failed!
?[1;31m
Start test 110?[0m
How many mines do you want on the field?
> 55
[[3, 6], [6, 1], [5, 2], [5, 7], [4, 5], [2, 9], [5, 9], [2, 6], [5, 6], [9, 6], [9, 2], [6, 8], [7, 9], [1, 4], [8, 6], [6, 7], [8, 4], [5, 8], [3, 2], [2, 1], [7, 4], [8, 3], [7, 3], [4, 6], [4, 2], [1, 2], [5, 1], [3, 7], [4, 8], [2, 7], [8, 9], [5, 5], [9, 3], [7, 8], [1, 9], [3, 8], [8, 5], [3, 3], [1, 7], [1, 8], [9, 4], [3, 5], [5, 3], [2, 3], [5, 4], [4, 9], [3, 1], [7, 1], [9, 5], [9, 7], [6, 4], [4, 3], [6, 3], [2, 5], [6, 9]]
 |123456789|
-|---------|
1|.........|
2|.........|
3|.........|
4|.........|
5|.........|
6|.........|
7|.........|
8|.........|
9|.........|
-|---------|
Set/unset mines marks or claim a cell as free:
> 2 3 mine
 |123456789|
-|---------|
1|.........|
2|.........|
3|.*.......|
4|.........|
5|.........|
6|.........|
7|.........|
8|.........|
9|.........|
-|---------|
Set/unset mines marks or claim a cell as free:
> 9 6 mine
 |123456789|
-|---------|
1|.........|
2|.........|
3|.*.......|
4|.........|
5|.........|
6|........*|
7|.........|
8|.........|
9|.........|
-|---------|
Set/unset mines marks or claim a cell as free:
> 5 7 free
 |123456789|
-|---------|
1|.XX.XXX..|
2|X.XXX...X|
3|.XXXXXXXX|
4|X...XXXXX|
5|.XXXX..XX|
6|.XXXX..XX|
7|XXX.XX..X|
8|X.XXXXX..|
9|XX.XXXXX.|
-|---------|
You stepped on a mine and failed!
?[1;31m
Start test 111?[0m
How many mines do you want on the field?
> 60
[[7, 4], [1, 6], [7, 7], [4, 6], [6, 1], [7, 2], [1, 1], [3, 8], [2, 6], [8, 2], [4, 9], [8, 5], [3, 9], [4, 5], [8, 8], [3, 6], [1, 2], [5, 8], [2, 8], [8, 6], [2, 7], [2, 3], [3, 4], [6, 3], [5, 1], [6, 6], [5, 2], [3, 2], [8, 7], [9, 6], [1, 9], [9, 7], [3, 7], [4, 1], [3, 5], [7, 8], [9, 3], [6, 8], [2, 5], [9, 5], [8, 9], [6, 5], [9, 4], [4, 4], [5, 4], [5, 3], [9, 2], [2, 1], [9, 9], [9, 8], [5, 7], [1, 8], [6, 9], [3, 3], [8, 1], [7, 9], [5, 5], [3, 1], [1, 3], [6, 2]]
 |123456789|
-|---------|
1|.........|
2|.........|
3|.........|
4|.........|
5|.........|
6|.........|
7|.........|
8|.........|
9|.........|
-|---------|
Set/unset mines marks or claim a cell as free:
> 8 3 mine
 |123456789|
-|---------|
1|.........|
2|.........|
3|.......*.|
4|.........|
5|.........|
6|.........|
7|.........|
8|.........|
9|.........|
-|---------|
Set/unset mines marks or claim a cell as free:
> 8 3 mine
 |123456789|
-|---------|
1|.........|
2|.........|
3|.........|
4|.........|
5|.........|
6|.........|
7|.........|
8|.........|
9|.........|
-|---------|
Set/unset mines marks or claim a cell as free:
> 3 7 mine
 |123456789|
-|---------|
1|.........|
2|.........|
3|.........|
4|.........|
5|.........|
6|.........|
7|..*......|
8|.........|
9|.........|
-|---------|
Set/unset mines marks or claim a cell as free:
> 8 2 mine
 |123456789|
-|---------|
1|.........|
2|.......*.|
3|.........|
4|.........|
5|.........|
6|.........|
7|..*......|
8|.........|
9|.........|
-|---------|
Set/unset mines marks or claim a cell as free:
> 7 9 mine
 |123456789|
-|---------|
1|.........|
2|.......*.|
3|.........|
4|.........|
5|.........|
6|.........|
7|..*......|
8|.........|
9|......*..|
-|---------|
Set/unset mines marks or claim a cell as free:
> 1 3 free
 |123456789|
-|---------|
1|XXXXXX.X.|
2|X.X.XXXXX|
3|XXX.XX..X|
4|..XXX.X.X|
5|.XXXXX.XX|
6|XXXX.X.XX|
7|.XX.X.XXX|
8|XXX.XXXXX|
9|X.XX.XXXX|
-|---------|
You stepped on a mine and failed!
?[1;31m
Start test 112?[0m
How many mines do you want on the field?
> 60
[[4, 5], [3, 1], [2, 7], [3, 2], [1, 9], [8, 8], [8, 3], [2, 4], [6, 4], [4, 1], [6, 2], [6, 6], [7, 9], [4, 6], [4, 9], [3, 4], [1, 7], [8, 6], [4, 3], [4, 2], [9, 6], [1, 2], [6, 9], [9, 8], [5, 6], [2, 1], [5, 4], [5, 1], [5, 8], [7, 7], [7, 3], [6, 5], [8, 1], [3, 5], [3, 7], [7, 8], [1, 6], [2, 5], [7, 2], [8, 5], [9, 2], [9, 3], [6, 8], [2, 8], [2, 6], [9, 7], [4, 7], [3, 3], [7, 1], [3, 8], [1, 3], [5, 3], [7, 5], [8, 4], [1, 4], [2, 9], [1, 1], [8, 9], [2, 2], [3, 6]]
 |123456789|
-|---------|
1|.........|
2|.........|
3|.........|
4|.........|
5|.........|
6|.........|
7|.........|
8|.........|
9|.........|
-|---------|
Set/unset mines marks or claim a cell as free:
> 6 9 free
 |123456789|
-|---------|
1|XXXXX.XX.|
2|XXXX.XX.X|
3|X.XXX.XXX|
4|XXX.XX.X.|
5|.XXX.XXX.|
6|XXXXXX.XX|
7|XXXX..X.X|
8|.XX.XXXXX|
9|XX.X.XXX.|
-|---------|
You stepped on a mine and failed!
?[1;31m
Start test 113?[0m
How many mines do you want on the field?
> 65
[[8, 4], [4, 1], [6, 1], [1, 3], [3, 2], [9, 5], [9, 2], [5, 2], [5, 5], [1, 7], [4, 9], [4, 4], [2, 7], [8, 8], [6, 6], [3, 9], [7, 1], [3, 5], [7, 3], [5, 7], [6, 5], [9, 1], [5, 4], [3, 8], [2, 1], [1, 4], [2, 4], [2, 6], [4, 7], [9, 9], [2, 9], [3, 3], [2, 8], [8, 1], [1, 9], [3, 6], [6, 3], [7, 7], [8, 3], [5, 3], [6, 8], [5, 8], [7, 6], [7, 8], [8, 5], [6, 2], [7, 4], [4, 5], [6, 7], [1, 1], [7, 9], [4, 3], [2, 5], [3, 4], [8, 2], [8, 7], [9, 7], [4, 8], [8, 9], [1, 2], [4, 2], [1, 5], [2, 2], [8, 6], [9, 4]]
 |123456789|
-|---------|
1|.........|
2|.........|
3|.........|
4|.........|
5|.........|
6|.........|
7|.........|
8|.........|
9|.........|
-|---------|
Set/unset mines marks or claim a cell as free:
> 3 8 mine
 |123456789|
-|---------|
1|.........|
2|.........|
3|.........|
4|.........|
5|.........|
6|.........|
7|.........|
8|..*......|
9|.........|
-|---------|
Set/unset mines marks or claim a cell as free:
> 3 1 free
 |123456789|
-|---------|
1|..5......|
2|.........|
3|.........|
4|.........|
5|.........|
6|.........|
7|.........|
8|..*......|
9|.........|
-|---------|
Set/unset mines marks or claim a cell as free:
> 4 6 mine
 |123456789|
-|---------|
1|..5......|
2|.........|
3|.........|
4|.........|
5|.........|
6|...*.....|
7|.........|
8|..*......|
9|.........|
-|---------|
Set/unset mines marks or claim a cell as free:
> 2 9 free
 |123456789|
-|---------|
1|XX5X.XXXX|
2|XXXXXX.XX|
3|X.XXXXXX.|
4|XXXXX.XXX|
5|XXXXXX.XX|
6|.XX*.XXX.|
7|XX.XXXXXX|
8|.XXXXXXX.|
9|XXXX..XXX|
-|---------|
You stepped on a mine and failed!
?[1;31m
Start test 114?[0m
How many mines do you want on the field?
> 65
[[1, 8], [2, 6], [7, 4], [8, 1], [3, 2], [5, 1], [8, 7], [1, 9], [5, 3], [9, 3], [3, 6], [2, 7], [1, 7], [4, 5], [1, 1], [2, 8], [6, 2], [7, 5], [7, 2], [5, 9], [6, 8], [9, 4], [3, 8], [1, 6], [8, 8], [6, 7], [6, 4], [4, 7], [6, 3], [7, 9], [3, 7], [6, 6], [1, 5], [2, 1], [5, 7], [4, 3], [9, 2], [5, 8], [8, 3], [2, 4], [7, 3], [6, 1], [2, 2], [8, 4], [4, 8], [3, 3], [4, 1], [9, 5], [1, 3], [8, 9], [9, 9], [1, 4], [2, 5], [5, 2], [9, 6], [8, 2], [4, 9], [4, 4], [3, 5], [7, 1], [8, 5], [9, 1], [4, 2], [5, 6], [3, 4]]
 |123456789|
-|---------|
1|.........|
2|.........|
3|.........|
4|.........|
5|.........|
6|.........|
7|.........|
8|.........|
9|.........|
-|---------|
Set/unset mines marks or claim a cell as free:
> 1 7 free
 |123456789|
-|---------|
1|XX.XXXXXX|
2|.XXXXXXXX|
3|X.XXXXXXX|
4|XXXX.XXXX|
5|XXXX..XXX|
6|XXX.XX..X|
7|XXXXXX.X.|
8|XXXXXX.X.|
9|X..XX.XXX|
-|---------|
You stepped on a mine and failed!
]]></system-out>
  <system-err><![CDATA[]]></system-err>
</testsuite>
