<?xml version="1.0" encoding="UTF-8"?>
<testsuite name="hstest.MinesweeperTest" tests="1" skipped="0" failures="0" errors="0" timestamp="2024-09-08T00:33:34" hostname="Jarvis-M3-Pro.local" time="0.186">
  <properties/>
  <testcase name="start" classname="hstest.MinesweeperTest" time="0.186"/>
  <system-out><![CDATA[?[1;31m
Start test 1?[0m
How many mines do you want on the field?
> 1
 |123456789|
-|---------|
1|.........|
2|.........|
3|.111.....|
4|.1.1.....|
5|.111.....|
6|.........|
7|.........|
8|.........|
9|.........|
-|---------|
Set/delete mines marks (x and y coordinates):
> 1 2
 |123456789|
-|---------|
1|.........|
2|*........|
3|.111.....|
4|.1.1.....|
5|.111.....|
6|.........|
7|.........|
8|.........|
9|.........|
-|---------|
Set/delete mines marks (x and y coordinates):
> 1 2
 |123456789|
-|---------|
1|.........|
2|.........|
3|.111.....|
4|.1.1.....|
5|.111.....|
6|.........|
7|.........|
8|.........|
9|.........|
-|---------|
Set/delete mines marks (x and y coordinates):
> 3 4
 |123456789|
-|---------|
1|.........|
2|.........|
3|.111.....|
4|.1*1.....|
5|.111.....|
6|.........|
7|.........|
8|.........|
9|.........|
-|---------|
Congratulations! You found all the mines!
?[1;31m
Start test 2?[0m
How many mines do you want on the field?
> 1
 |123456789|
-|---------|
1|11.......|
2|.1.......|
3|11.......|
4|.........|
5|.........|
6|.........|
7|.........|
8|.........|
9|.........|
-|---------|
Set/delete mines marks (x and y coordinates):
> 1 2
 |123456789|
-|---------|
1|11.......|
2|*1.......|
3|11.......|
4|.........|
5|.........|
6|.........|
7|.........|
8|.........|
9|.........|
-|---------|
Congratulations! You found all the mines!
?[1;31m
Start test 3?[0m
How many mines do you want on the field?
> 1
 |123456789|
-|---------|
1|.........|
2|.........|
3|......111|
4|......1.1|
5|......111|
6|.........|
7|.........|
8|.........|
9|.........|
-|---------|
Set/delete mines marks (x and y coordinates):
> 1 2
 |123456789|
-|---------|
1|.........|
2|*........|
3|......111|
4|......1.1|
5|......111|
6|.........|
7|.........|
8|.........|
9|.........|
-|---------|
Set/delete mines marks (x and y coordinates):
> 1 2
 |123456789|
-|---------|
1|.........|
2|.........|
3|......111|
4|......1.1|
5|......111|
6|.........|
7|.........|
8|.........|
9|.........|
-|---------|
Set/delete mines marks (x and y coordinates):
> 8 4
 |123456789|
-|---------|
1|.........|
2|.........|
3|......111|
4|......1*1|
5|......111|
6|.........|
7|.........|
8|.........|
9|.........|
-|---------|
Congratulations! You found all the mines!
?[1;31m
Start test 4?[0m
How many mines do you want on the field?
> 1
 |123456789|
-|---------|
1|...111...|
2|...1.1...|
3|...111...|
4|.........|
5|.........|
6|.........|
7|.........|
8|.........|
9|.........|
-|---------|
Set/delete mines marks (x and y coordinates):
> 1 2
 |123456789|
-|---------|
1|...111...|
2|*..1.1...|
3|...111...|
4|.........|
5|.........|
6|.........|
7|.........|
8|.........|
9|.........|
-|---------|
Set/delete mines marks (x and y coordinates):
> 1 2
 |123456789|
-|---------|
1|...111...|
2|...1.1...|
3|...111...|
4|.........|
5|.........|
6|.........|
7|.........|
8|.........|
9|.........|
-|---------|
Set/delete mines marks (x and y coordinates):
> 5 2
 |123456789|
-|---------|
1|...111...|
2|...1*1...|
3|...111...|
4|.........|
5|.........|
6|.........|
7|.........|
8|.........|
9|.........|
-|---------|
Congratulations! You found all the mines!
?[1;31m
Start test 5?[0m
How many mines do you want on the field?
> 1
 |123456789|
-|---------|
1|.........|
2|.........|
3|.........|
4|11.......|
5|.1.......|
6|11.......|
7|.........|
8|.........|
9|.........|
-|---------|
Set/delete mines marks (x and y coordinates):
> 1 2
 |123456789|
-|---------|
1|.........|
2|*........|
3|.........|
4|11.......|
5|.1.......|
6|11.......|
7|.........|
8|.........|
9|.........|
-|---------|
Set/delete mines marks (x and y coordinates):
> 1 2
 |123456789|
-|---------|
1|.........|
2|.........|
3|.........|
4|11.......|
5|.1.......|
6|11.......|
7|.........|
8|.........|
9|.........|
-|---------|
Set/delete mines marks (x and y coordinates):
> 1 5
 |123456789|
-|---------|
1|.........|
2|.........|
3|.........|
4|11.......|
5|*1.......|
6|11.......|
7|.........|
8|.........|
9|.........|
-|---------|
Congratulations! You found all the mines!
?[1;31m
Start test 6?[0m
How many mines do you want on the field?
> 1
 |123456789|
-|---------|
1|......1.1|
2|......111|
3|.........|
4|.........|
5|.........|
6|.........|
7|.........|
8|.........|
9|.........|
-|---------|
Set/delete mines marks (x and y coordinates):
> 1 2
 |123456789|
-|---------|
1|......1.1|
2|*.....111|
3|.........|
4|.........|
5|.........|
6|.........|
7|.........|
8|.........|
9|.........|
-|---------|
Set/delete mines marks (x and y coordinates):
> 1 2
 |123456789|
-|---------|
1|......1.1|
2|......111|
3|.........|
4|.........|
5|.........|
6|.........|
7|.........|
8|.........|
9|.........|
-|---------|
Set/delete mines marks (x and y coordinates):
> 8 1
 |123456789|
-|---------|
1|......1*1|
2|......111|
3|.........|
4|.........|
5|.........|
6|.........|
7|.........|
8|.........|
9|.........|
-|---------|
Congratulations! You found all the mines!
?[1;31m
Start test 7?[0m
How many mines do you want on the field?
> 1
 |123456789|
-|---------|
1|.........|
2|11.......|
3|.1.......|
4|11.......|
5|.........|
6|.........|
7|.........|
8|.........|
9|.........|
-|---------|
Set/delete mines marks (x and y coordinates):
> 1 3
 |123456789|
-|---------|
1|.........|
2|11.......|
3|*1.......|
4|11.......|
5|.........|
6|.........|
7|.........|
8|.........|
9|.........|
-|---------|
Congratulations! You found all the mines!
?[1;31m
Start test 8?[0m
How many mines do you want on the field?
> 1
 |123456789|
-|---------|
1|.........|
2|.........|
3|......111|
4|......1.1|
5|......111|
6|.........|
7|.........|
8|.........|
9|.........|
-|---------|
Set/delete mines marks (x and y coordinates):
> 1 2
 |123456789|
-|---------|
1|.........|
2|*........|
3|......111|
4|......1.1|
5|......111|
6|.........|
7|.........|
8|.........|
9|.........|
-|---------|
Set/delete mines marks (x and y coordinates):
> 1 2
 |123456789|
-|---------|
1|.........|
2|.........|
3|......111|
4|......1.1|
5|......111|
6|.........|
7|.........|
8|.........|
9|.........|
-|---------|
Set/delete mines marks (x and y coordinates):
> 8 4
 |123456789|
-|---------|
1|.........|
2|.........|
3|......111|
4|......1*1|
5|......111|
6|.........|
7|.........|
8|.........|
9|.........|
-|---------|
Congratulations! You found all the mines!
?[1;31m
Start test 9?[0m
How many mines do you want on the field?
> 1
 |123456789|
-|---------|
1|.........|
2|.........|
3|.........|
4|....111..|
5|....1.1..|
6|....111..|
7|.........|
8|.........|
9|.........|
-|---------|
Set/delete mines marks (x and y coordinates):
> 1 2
 |123456789|
-|---------|
1|.........|
2|*........|
3|.........|
4|....111..|
5|....1.1..|
6|....111..|
7|.........|
8|.........|
9|.........|
-|---------|
Set/delete mines marks (x and y coordinates):
> 1 2
 |123456789|
-|---------|
1|.........|
2|.........|
3|.........|
4|....111..|
5|....1.1..|
6|....111..|
7|.........|
8|.........|
9|.........|
-|---------|
Set/delete mines marks (x and y coordinates):
> 6 5
 |123456789|
-|---------|
1|.........|
2|.........|
3|.........|
4|....111..|
5|....1*1..|
6|....111..|
7|.........|
8|.........|
9|.........|
-|---------|
Congratulations! You found all the mines!
?[1;31m
Start test 10?[0m
How many mines do you want on the field?
> 1
 |123456789|
-|---------|
1|.111.....|
2|.1.1.....|
3|.111.....|
4|.........|
5|.........|
6|.........|
7|.........|
8|.........|
9|.........|
-|---------|
Set/delete mines marks (x and y coordinates):
> 1 2
 |123456789|
-|---------|
1|.111.....|
2|*1.1.....|
3|.111.....|
4|.........|
5|.........|
6|.........|
7|.........|
8|.........|
9|.........|
-|---------|
Set/delete mines marks (x and y coordinates):
> 1 2
 |123456789|
-|---------|
1|.111.....|
2|.1.1.....|
3|.111.....|
4|.........|
5|.........|
6|.........|
7|.........|
8|.........|
9|.........|
-|---------|
Set/delete mines marks (x and y coordinates):
> 3 2
 |123456789|
-|---------|
1|.111.....|
2|.1*1.....|
3|.111.....|
4|.........|
5|.........|
6|.........|
7|.........|
8|.........|
9|.........|
-|---------|
Congratulations! You found all the mines!
?[1;31m
Start test 11?[0m
How many mines do you want on the field?
> 5
 |123456789|
-|---------|
1|...1.1...|
2|11.111...|
3|.1.......|
4|11.......|
5|1211.....|
6|.2.1..111|
7|1211..1.1|
8|......111|
9|.........|
-|---------|
Set/delete mines marks (x and y coordinates):
> 8 7
 |123456789|
-|---------|
1|...1.1...|
2|11.111...|
3|.1.......|
4|11.......|
5|1211.....|
6|.2.1..111|
7|1211..1*1|
8|......111|
9|.........|
-|---------|
Set/delete mines marks (x and y coordinates):
> 3 6
 |123456789|
-|---------|
1|...1.1...|
2|11.111...|
3|.1.......|
4|11.......|
5|1211.....|
6|.2*1..111|
7|1211..1*1|
8|......111|
9|.........|
-|---------|
Set/delete mines marks (x and y coordinates):
> 1 3
 |123456789|
-|---------|
1|...1.1...|
2|11.111...|
3|*1.......|
4|11.......|
5|1211.....|
6|.2*1..111|
7|1211..1*1|
8|......111|
9|.........|
-|---------|
Set/delete mines marks (x and y coordinates):
> 1 6
 |123456789|
-|---------|
1|...1.1...|
2|11.111...|
3|*1.......|
4|11.......|
5|1211.....|
6|*2*1..111|
7|1211..1*1|
8|......111|
9|.........|
-|---------|
Set/delete mines marks (x and y coordinates):
> 5 1
 |123456789|
-|---------|
1|...1*1...|
2|11.111...|
3|*1.......|
4|11.......|
5|1211.....|
6|*2*1..111|
7|1211..1*1|
8|......111|
9|.........|
-|---------|
Congratulations! You found all the mines!
?[1;31m
Start test 12?[0m
How many mines do you want on the field?
> 5
 |123456789|
-|---------|
1|.....1.1.|
2|..111111.|
3|..1.1....|
4|..111.111|
5|....112.1|
6|....2.311|
7|....2.2..|
8|....111..|
9|.........|
-|---------|
Set/delete mines marks (x and y coordinates):
> 4 3
 |123456789|
-|---------|
1|.....1.1.|
2|..111111.|
3|..1*1....|
4|..111.111|
5|....112.1|
6|....2.311|
7|....2.2..|
8|....111..|
9|.........|
-|---------|
Set/delete mines marks (x and y coordinates):
> 8 5
 |123456789|
-|---------|
1|.....1.1.|
2|..111111.|
3|..1*1....|
4|..111.111|
5|....112*1|
6|....2.311|
7|....2.2..|
8|....111..|
9|.........|
-|---------|
Set/delete mines marks (x and y coordinates):
> 6 7
 |123456789|
-|---------|
1|.....1.1.|
2|..111111.|
3|..1*1....|
4|..111.111|
5|....112*1|
6|....2.311|
7|....2*2..|
8|....111..|
9|.........|
-|---------|
Set/delete mines marks (x and y coordinates):
> 6 6
 |123456789|
-|---------|
1|.....1.1.|
2|..111111.|
3|..1*1....|
4|..111.111|
5|....112*1|
6|....2*311|
7|....2*2..|
8|....111..|
9|.........|
-|---------|
Set/delete mines marks (x and y coordinates):
> 7 1
 |123456789|
-|---------|
1|.....1*1.|
2|..111111.|
3|..1*1....|
4|..111.111|
5|....112*1|
6|....2*311|
7|....2*2..|
8|....111..|
9|.........|
-|---------|
Congratulations! You found all the mines!
?[1;31m
Start test 13?[0m
How many mines do you want on the field?
> 5
 |123456789|
-|---------|
1|11...1.1.|
2|.211.111.|
3|12.1.1221|
4|.111.1..1|
5|.....1221|
6|.........|
7|.........|
8|.........|
9|.........|
-|---------|
Set/delete mines marks (x and y coordinates):
> 3 3
 |123456789|
-|---------|
1|11...1.1.|
2|.211.111.|
3|12*1.1221|
4|.111.1..1|
5|.....1221|
6|.........|
7|.........|
8|.........|
9|.........|
-|---------|
Set/delete mines marks (x and y coordinates):
> 8 4
 |123456789|
-|---------|
1|11...1.1.|
2|.211.111.|
3|12*1.1221|
4|.111.1.*1|
5|.....1221|
6|.........|
7|.........|
8|.........|
9|.........|
-|---------|
Set/delete mines marks (x and y coordinates):
> 7 4
 |123456789|
-|---------|
1|11...1.1.|
2|.211.111.|
3|12*1.1221|
4|.111.1**1|
5|.....1221|
6|.........|
7|.........|
8|.........|
9|.........|
-|---------|
Set/delete mines marks (x and y coordinates):
> 1 2
 |123456789|
-|---------|
1|11...1.1.|
2|*211.111.|
3|12*1.1221|
4|.111.1**1|
5|.....1221|
6|.........|
7|.........|
8|.........|
9|.........|
-|---------|
Set/delete mines marks (x and y coordinates):
> 7 1
 |123456789|
-|---------|
1|11...1*1.|
2|*211.111.|
3|12*1.1221|
4|.111.1**1|
5|.....1221|
6|.........|
7|.........|
8|.........|
9|.........|
-|---------|
Congratulations! You found all the mines!
]]></system-out>
  <system-err><![CDATA[]]></system-err>
</testsuite>
